#
# There is insufficient memory for the Java Runtime Environment to continue.
# Native memory allocation (malloc) failed to allocate 122976 bytes. Error detail: Chunk::new
# Possible reasons:
#   The system is out of physical RAM or swap space
#   This process is running with CompressedOops enabled, and the Java Heap may be blocking the growth of the native heap
# Possible solutions:
#   Reduce memory load on the system
#   Increase physical memory or swap space
#   Check if swap backing store is full
#   Decrease Java heap size (-Xmx/-Xms)
#   Decrease number of Java threads
#   Decrease Java thread stack sizes (-Xss)
#   Set larger code cache with -XX:ReservedCodeCacheSize=
#   JVM is running with Unscaled Compressed Oops mode in which the Java heap is
#     placed in the first 4GB address space. The Java Heap base address is the
#     maximum limit for the native heap growth. Please use -XX:HeapBaseMinAddress
#     to set the Java Heap base and to place the Java Heap above 4GB virtual address.
# This output file may be truncated or incomplete.
#
#  Out of Memory Error (arena.cpp:168), pid=20556, tid=20980
#
# JRE version: OpenJDK Runtime Environment Temurin-21.0.6+7 (21.0.6+7) (build 21.0.6+7-LTS)
# Java VM: OpenJDK 64-Bit Server VM Temurin-21.0.6+7 (21.0.6+7-LTS, mixed mode, sharing, tiered, compressed oops, compressed class ptrs, parallel gc, windows-amd64)
# No core dump will be written. Minidumps are not enabled by default on client versions of Windows
#

---------------  S U M M A R Y ------------

Command Line: --add-modules=ALL-SYSTEM --add-opens=java.base/java.util=ALL-UNNAMED --add-opens=java.base/java.lang=ALL-UNNAMED --add-opens=java.base/sun.nio.fs=ALL-UNNAMED -Declipse.application=org.eclipse.jdt.ls.core.id1 -Dosgi.bundles.defaultStartLevel=4 -Declipse.product=org.eclipse.jdt.ls.core.product -Djava.import.generatesMetadataFilesAtProjectRoot=false -DDetectVMInstallationsJob.disabled=true -Dfile.encoding=utf8 -XX:+UseParallelGC -XX:GCTimeRatio=4 -XX:AdaptiveSizePolicyWeight=90 -Dsun.zip.disableMemoryMapping=true -Xmx1G -Xms100m -Xlog:disable -javaagent:c:\Users\DELL\.vscode\extensions\redhat.java-1.41.1-win32-x64\lombok\lombok-1.18.36.jar -XX:+HeapDumpOnOutOfMemoryError -XX:HeapDumpPath=c:\Users\DELL\AppData\Roaming\Code\User\workspaceStorage\a273020681a943df6c7830267ba8b68f\redhat.java -Daether.dependencyCollector.impl=bf c:\Users\DELL\.vscode\extensions\redhat.java-1.41.1-win32-x64\server\plugins\org.eclipse.equinox.launcher_1.7.0.v20250331-1702.jar -configuration c:\Users\DELL\AppData\Roaming\Code\User\globalStorage\redhat.java\1.41.1\config_win -data c:\Users\DELL\AppData\Roaming\Code\User\workspaceStorage\a273020681a943df6c7830267ba8b68f\redhat.java\jdt_ws --pipe=\\.\pipe\lsp-9bd852afe5b64feba4142e4ae3590a1b-sock

Host: 11th Gen Intel(R) Core(TM) i5-1135G7 @ 2.40GHz, 8 cores, 7G,  Windows 11 , 64 bit Build 22621 (10.0.22621.5124)
Time: Fri Apr 18 12:01:17 2025 India Standard Time elapsed time: 1.191996 seconds (0d 0h 0m 1s)

---------------  T H R E A D  ---------------

Current thread (0x0000014b6125f9a0):  JavaThread "C2 CompilerThread1" daemon [_thread_in_native, id=20980, stack(0x0000001acf800000,0x0000001acf900000) (1024K)]


Current CompileTask:
C2:1192  675       4       lombok.patcher.scripts.MethodLevelPatchScript::patch (21 bytes)

Stack: [0x0000001acf800000,0x0000001acf900000]
Native frames: (J=compiled Java code, j=interpreted, Vv=VM code, C=native code)
V  [jvm.dll+0x6cdee9]
V  [jvm.dll+0x8a83d1]
V  [jvm.dll+0x8aa8fe]
V  [jvm.dll+0x8aafe3]
V  [jvm.dll+0x27f706]
V  [jvm.dll+0xc500d]
V  [jvm.dll+0xc5543]
V  [jvm.dll+0x2f2acd]
V  [jvm.dll+0x5f6a2a]
V  [jvm.dll+0x250bb2]
V  [jvm.dll+0x24937c]
V  [jvm.dll+0x246ec4]
V  [jvm.dll+0x1c75ee]
V  [jvm.dll+0x25685a]
V  [jvm.dll+0x254dfa]
V  [jvm.dll+0x3f0256]
V  [jvm.dll+0x851f8b]
V  [jvm.dll+0x6cc5ed]
C  [ucrtbase.dll+0x29333]
C  [KERNEL32.DLL+0x1259d]
C  [ntdll.dll+0x5af38]


---------------  P R O C E S S  ---------------

Threads class SMR info:
_java_thread_list=0x0000014b61324530, length=12, elements={
0x0000014b05ea02b0, 0x0000014b1a247f60, 0x0000014b05f4df50, 0x0000014b1a24b210,
0x0000014b1a24c210, 0x0000014b1a24ea10, 0x0000014b1a2517c0, 0x0000014b1a252760,
0x0000014b61041c50, 0x0000014b610dbe80, 0x0000014b6130cf60, 0x0000014b6125f9a0
}

Java Threads: ( => current thread )
  0x0000014b05ea02b0 JavaThread "main"                              [_thread_in_native, id=2608, stack(0x0000001acea00000,0x0000001aceb00000) (1024K)]
  0x0000014b1a247f60 JavaThread "Reference Handler"          daemon [_thread_blocked, id=2616, stack(0x0000001acee00000,0x0000001acef00000) (1024K)]
  0x0000014b05f4df50 JavaThread "Finalizer"                  daemon [_thread_blocked, id=17680, stack(0x0000001acef00000,0x0000001acf000000) (1024K)]
  0x0000014b1a24b210 JavaThread "Signal Dispatcher"          daemon [_thread_blocked, id=19564, stack(0x0000001acf000000,0x0000001acf100000) (1024K)]
  0x0000014b1a24c210 JavaThread "Attach Listener"            daemon [_thread_blocked, id=25764, stack(0x0000001acf100000,0x0000001acf200000) (1024K)]
  0x0000014b1a24ea10 JavaThread "Service Thread"             daemon [_thread_blocked, id=16616, stack(0x0000001acf200000,0x0000001acf300000) (1024K)]
  0x0000014b1a2517c0 JavaThread "Monitor Deflation Thread"   daemon [_thread_blocked, id=9360, stack(0x0000001acf300000,0x0000001acf400000) (1024K)]
  0x0000014b1a252760 JavaThread "C2 CompilerThread0"         daemon [_thread_in_native, id=12504, stack(0x0000001acf400000,0x0000001acf500000) (1024K)]
  0x0000014b61041c50 JavaThread "C1 CompilerThread0"         daemon [_thread_blocked, id=11524, stack(0x0000001acf500000,0x0000001acf600000) (1024K)]
  0x0000014b610dbe80 JavaThread "Common-Cleaner"             daemon [_thread_blocked, id=13456, stack(0x0000001acf600000,0x0000001acf700000) (1024K)]
  0x0000014b6130cf60 JavaThread "Notification Thread"        daemon [_thread_blocked, id=26168, stack(0x0000001acf700000,0x0000001acf800000) (1024K)]
=>0x0000014b6125f9a0 JavaThread "C2 CompilerThread1"         daemon [_thread_in_native, id=20980, stack(0x0000001acf800000,0x0000001acf900000) (1024K)]
Total: 12

Other Threads:
  0x0000014b05f36040 VMThread "VM Thread"                           [id=17332, stack(0x0000001aced00000,0x0000001acee00000) (1024K)]
  0x0000014b05f051b0 WatcherThread "VM Periodic Task Thread"        [id=21416, stack(0x0000001acec00000,0x0000001aced00000) (1024K)]
  0x0000014b05eb7d10 WorkerThread "GC Thread#0"                     [id=22688, stack(0x0000001aceb00000,0x0000001acec00000) (1024K)]
Total: 3

Threads with active compile tasks:
C2 CompilerThread0  1226  647       4       lombok.patcher.PatchScript::classMatches (41 bytes)
C2 CompilerThread1  1226  675       4       lombok.patcher.scripts.MethodLevelPatchScript::patch (21 bytes)
Total: 2

VM state: not at safepoint (normal execution)

VM Mutex/Monitor currently owned by a thread: None

Heap address: 0x00000000c0000000, size: 1024 MB, Compressed Oops mode: 32-bit

CDS archive(s) mapped at: [0x0000014b1b000000-0x0000014b1bba0000-0x0000014b1bba0000), size 12189696, SharedBaseAddress: 0x0000014b1b000000, ArchiveRelocationMode: 1.
Compressed class space mapped at: 0x0000014b1c000000-0x0000014b5c000000, reserved size: 1073741824
Narrow klass base: 0x0000014b1b000000, Narrow klass shift: 0, Narrow klass range: 0x100000000

GC Precious Log:
 CardTable entry size: 512
 CPUs: 8 total, 8 available
 Memory: 7918M
 Large Page Support: Disabled
 NUMA Support: Disabled
 Compressed Oops: Enabled (32-bit)
 Alignments: Space 512K, Generation 512K, Heap 2M
 Heap Min Capacity: 100M
 Heap Initial Capacity: 100M
 Heap Max Capacity: 1G
 Pre-touch: Disabled
 Parallel Workers: 8

Heap:
 PSYoungGen      total 29696K, used 15525K [0x00000000eab00000, 0x00000000ecc00000, 0x0000000100000000)
  eden space 25600K, 60% used [0x00000000eab00000,0x00000000eba29660,0x00000000ec400000)
  from space 4096K, 0% used [0x00000000ec800000,0x00000000ec800000,0x00000000ecc00000)
  to   space 4096K, 0% used [0x00000000ec400000,0x00000000ec400000,0x00000000ec800000)
 ParOldGen       total 68608K, used 0K [0x00000000c0000000, 0x00000000c4300000, 0x00000000eab00000)
  object space 68608K, 0% used [0x00000000c0000000,0x00000000c0000000,0x00000000c4300000)
 Metaspace       used 2978K, committed 3136K, reserved 1114112K
  class space    used 299K, committed 384K, reserved 1048576K

Card table byte_map: [0x0000014b05850000,0x0000014b05a60000] _byte_map_base: 0x0000014b05250000

Marking Bits: (ParMarkBitMap*) 0x00007ff8e2743260
 Begin Bits: [0x0000014b18080000, 0x0000014b19080000)
 End Bits:   [0x0000014b19080000, 0x0000014b1a080000)

Polling page: 0x0000014b03c50000

Metaspace:

Usage:
  Non-class:      2.62 MB used.
      Class:    299.52 KB used.
       Both:      2.91 MB used.

Virtual space:
  Non-class space:       64.00 MB reserved,       2.69 MB (  4%) committed,  1 nodes.
      Class space:        1.00 GB reserved,     384.00 KB ( <1%) committed,  1 nodes.
             Both:        1.06 GB reserved,       3.06 MB ( <1%) committed. 

Chunk freelists:
   Non-Class:  11.58 MB
       Class:  15.66 MB
        Both:  27.24 MB

MaxMetaspaceSize: unlimited
CompressedClassSpaceSize: 1.00 GB
Initial GC threshold: 21.00 MB
Current GC threshold: 21.00 MB
CDS: on
 - commit_granule_bytes: 65536.
 - commit_granule_words: 8192.
 - virtual_space_node_default_size: 8388608.
 - enlarge_chunks_in_place: 1.
 - use_allocation_guard: 0.


Internal statistics:

num_allocs_failed_limit: 0.
num_arena_births: 82.
num_arena_deaths: 0.
num_vsnodes_births: 2.
num_vsnodes_deaths: 0.
num_space_committed: 49.
num_space_uncommitted: 0.
num_chunks_returned_to_freelist: 0.
num_chunks_taken_from_freelist: 109.
num_chunk_merges: 0.
num_chunk_splits: 74.
num_chunks_enlarged: 48.
num_inconsistent_stats: 0.

CodeHeap 'non-profiled nmethods': size=120000Kb used=254Kb max_used=254Kb free=119745Kb
 bounds [0x0000014b10b50000, 0x0000014b10dc0000, 0x0000014b18080000]
CodeHeap 'profiled nmethods': size=120000Kb used=1136Kb max_used=1136Kb free=118863Kb
 bounds [0x0000014b09080000, 0x0000014b092f0000, 0x0000014b105b0000]
CodeHeap 'non-nmethods': size=5760Kb used=1194Kb max_used=1202Kb free=4566Kb
 bounds [0x0000014b105b0000, 0x0000014b10820000, 0x0000014b10b50000]
 total_blobs=1172 nmethods=729 adapters=350
 compilation: enabled
              stopped_count=0, restarted_count=0
 full_count=0

Compilation events (20 events):
Event: 1.155 Thread 0x0000014b61041c50  719       3       java.lang.StringBuilder::<init> (6 bytes)
Event: 1.155 Thread 0x0000014b61041c50 nmethod 719 0x0000014b09188c10 code [0x0000014b09188dc0, 0x0000014b09188ef8]
Event: 1.155 Thread 0x0000014b61041c50  720   !   3       java.lang.String::<init> (890 bytes)
Event: 1.171 Thread 0x0000014b61041c50 nmethod 720 0x0000014b09188f90 code [0x0000014b09189800, 0x0000014b0918e810]
Event: 1.171 Thread 0x0000014b61041c50  723       3       java.util.HashMap::putVal (300 bytes)
Event: 1.173 Thread 0x0000014b61041c50 nmethod 723 0x0000014b09190290 code [0x0000014b09190540, 0x0000014b091915f8]
Event: 1.173 Thread 0x0000014b61041c50  721       2       java.util.Collections$UnmodifiableCollection::iterator (9 bytes)
Event: 1.174 Thread 0x0000014b61041c50 nmethod 721 0x0000014b09191a90 code [0x0000014b09191c40, 0x0000014b09191e20]
Event: 1.174 Thread 0x0000014b61041c50  722       2       java.util.HashSet::iterator (13 bytes)
Event: 1.174 Thread 0x0000014b61041c50 nmethod 722 0x0000014b09191f10 code [0x0000014b091920c0, 0x0000014b09192228]
Event: 1.174 Thread 0x0000014b61041c50  724       3       java.security.Provider$ServiceKey::hashCode (19 bytes)
Event: 1.174 Thread 0x0000014b61041c50 nmethod 724 0x0000014b09192310 code [0x0000014b091924c0, 0x0000014b09192658]
Event: 1.174 Thread 0x0000014b61041c50  725       1       java.security.Provider$UString::toString (5 bytes)
Event: 1.174 Thread 0x0000014b61041c50 nmethod 725 0x0000014b10b8ec90 code [0x0000014b10b8ee20, 0x0000014b10b8eee8]
Event: 1.174 Thread 0x0000014b61041c50  726       1       java.security.Provider$Service::getProvider (5 bytes)
Event: 1.174 Thread 0x0000014b61041c50 nmethod 726 0x0000014b10b8ef90 code [0x0000014b10b8f120, 0x0000014b10b8f1e8]
Event: 1.174 Thread 0x0000014b61041c50  727       1       java.security.Provider$Service::getClassName (5 bytes)
Event: 1.174 Thread 0x0000014b61041c50 nmethod 727 0x0000014b10b8f290 code [0x0000014b10b8f420, 0x0000014b10b8f4e8]
Event: 1.177 Thread 0x0000014b61041c50  730       3       sun.security.provider.SHA2::implCompress0 (448 bytes)
Event: 1.178 Thread 0x0000014b61041c50 nmethod 730 0x0000014b09192790 code [0x0000014b091929e0, 0x0000014b09193590]

GC Heap History (0 events):
No events

Dll operation events (8 events):
Event: 0.044 Loaded shared library c:\Users\DELL\.vscode\extensions\redhat.java-1.41.1-win32-x64\jre\21.0.6-win32-x86_64\bin\java.dll
Event: 0.259 Loaded shared library c:\Users\DELL\.vscode\extensions\redhat.java-1.41.1-win32-x64\jre\21.0.6-win32-x86_64\bin\zip.dll
Event: 0.310 Loaded shared library C:\Users\DELL\.vscode\extensions\redhat.java-1.41.1-win32-x64\jre\21.0.6-win32-x86_64\bin\instrument.dll
Event: 0.319 Loaded shared library C:\Users\DELL\.vscode\extensions\redhat.java-1.41.1-win32-x64\jre\21.0.6-win32-x86_64\bin\net.dll
Event: 0.322 Loaded shared library C:\Users\DELL\.vscode\extensions\redhat.java-1.41.1-win32-x64\jre\21.0.6-win32-x86_64\bin\nio.dll
Event: 0.329 Loaded shared library C:\Users\DELL\.vscode\extensions\redhat.java-1.41.1-win32-x64\jre\21.0.6-win32-x86_64\bin\zip.dll
Event: 0.365 Loaded shared library C:\Users\DELL\.vscode\extensions\redhat.java-1.41.1-win32-x64\jre\21.0.6-win32-x86_64\bin\jimage.dll
Event: 0.596 Loaded shared library c:\Users\DELL\.vscode\extensions\redhat.java-1.41.1-win32-x64\jre\21.0.6-win32-x86_64\bin\verify.dll

Deoptimization events (20 events):
Event: 0.832 Thread 0x0000014b05ea02b0 DEOPT PACKING pc=0x0000014b090c56d8 sp=0x0000001aceafbe50
Event: 0.832 Thread 0x0000014b05ea02b0 DEOPT UNPACKING pc=0x0000014b106078e2 sp=0x0000001aceafb310 mode 0
Event: 0.848 Thread 0x0000014b05ea02b0 DEOPT PACKING pc=0x0000014b090c56d8 sp=0x0000001aceafaa40
Event: 0.848 Thread 0x0000014b05ea02b0 DEOPT UNPACKING pc=0x0000014b106078e2 sp=0x0000001aceaf9f00 mode 0
Event: 0.966 Thread 0x0000014b05ea02b0 Uncommon trap: trap_request=0xffffff45 fr.pc=0x0000014b10b814ec relative=0x000000000000014c
Event: 0.966 Thread 0x0000014b05ea02b0 Uncommon trap: reason=unstable_if action=reinterpret pc=0x0000014b10b814ec method=jdk.internal.util.ArraysSupport.vectorizedHashCode(Ljava/lang/Object;IIII)I @ 2 c2
Event: 0.966 Thread 0x0000014b05ea02b0 DEOPT PACKING pc=0x0000014b10b814ec sp=0x0000001aceafcad0
Event: 0.966 Thread 0x0000014b05ea02b0 DEOPT UNPACKING pc=0x0000014b10606da2 sp=0x0000001aceafca80 mode 2
Event: 0.983 Thread 0x0000014b05ea02b0 Uncommon trap: trap_request=0xffffff45 fr.pc=0x0000014b10b72f74 relative=0x00000000000000d4
Event: 0.983 Thread 0x0000014b05ea02b0 Uncommon trap: reason=unstable_if action=reinterpret pc=0x0000014b10b72f74 method=java.net.URI.match(CJJ)Z @ 45 c2
Event: 0.983 Thread 0x0000014b05ea02b0 DEOPT PACKING pc=0x0000014b10b72f74 sp=0x0000001aceafcd70
Event: 0.983 Thread 0x0000014b05ea02b0 DEOPT UNPACKING pc=0x0000014b10606da2 sp=0x0000001aceafccd8 mode 2
Event: 1.105 Thread 0x0000014b05ea02b0 Uncommon trap: trap_request=0xffffff45 fr.pc=0x0000014b10b71c1c relative=0x000000000000017c
Event: 1.105 Thread 0x0000014b05ea02b0 Uncommon trap: reason=unstable_if action=reinterpret pc=0x0000014b10b71c1c method=java.lang.StringUTF16.compress([CI[BII)I @ 20 c2
Event: 1.105 Thread 0x0000014b05ea02b0 DEOPT PACKING pc=0x0000014b10b71c1c sp=0x0000001aceafb7e0
Event: 1.105 Thread 0x0000014b05ea02b0 DEOPT UNPACKING pc=0x0000014b10606da2 sp=0x0000001aceafb750 mode 2
Event: 1.136 Thread 0x0000014b05ea02b0 Uncommon trap: trap_request=0xffffff45 fr.pc=0x0000014b10b60430 relative=0x0000000000000870
Event: 1.136 Thread 0x0000014b05ea02b0 Uncommon trap: reason=unstable_if action=reinterpret pc=0x0000014b10b60430 method=java.util.HashMap.putVal(ILjava/lang/Object;Ljava/lang/Object;ZZ)Ljava/lang/Object; @ 81 c2
Event: 1.136 Thread 0x0000014b05ea02b0 DEOPT PACKING pc=0x0000014b10b60430 sp=0x0000001aceafdb00
Event: 1.137 Thread 0x0000014b05ea02b0 DEOPT UNPACKING pc=0x0000014b10606da2 sp=0x0000001aceafdac0 mode 2

Classes loaded (20 events):
Event: 1.156 Loading class java/security/interfaces/ECKey
Event: 1.157 Loading class java/security/interfaces/ECKey done
Event: 1.157 Loading class java/security/interfaces/XECKey
Event: 1.157 Loading class java/security/interfaces/XECKey done
Event: 1.157 Loading class sun/security/util/KeyUtil
Event: 1.158 Loading class sun/security/util/KeyUtil done
Event: 1.158 Loading class sun/security/util/Length
Event: 1.158 Loading class sun/security/util/Length done
Event: 1.158 Loading class javax/crypto/SecretKey
Event: 1.158 Loading class javax/crypto/SecretKey done
Event: 1.162 Loading class java/util/Base64
Event: 1.162 Loading class java/util/Base64 done
Event: 1.162 Loading class java/util/Base64$Decoder
Event: 1.163 Loading class java/util/Base64$Decoder done
Event: 1.163 Loading class java/util/Base64$Encoder
Event: 1.163 Loading class java/util/Base64$Encoder done
Event: 1.164 Loading class java/util/jar/JarVerifier$VerifierStream
Event: 1.164 Loading class java/util/jar/JarVerifier$VerifierStream done
Event: 1.165 Loading class sun/security/util/ManifestEntryVerifier$SunProviderHolder
Event: 1.165 Loading class sun/security/util/ManifestEntryVerifier$SunProviderHolder done

Classes unloaded (0 events):
No events

Classes redefined (0 events):
No events

Internal exceptions (12 events):
Event: 0.242 Thread 0x0000014b05ea02b0 Exception <a 'java/lang/NoSuchMethodError'{0x00000000ead2a2a0}: 'void java.lang.invoke.DirectMethodHandle$Holder.invokeStatic(java.lang.Object, java.lang.Object, java.lang.Object)'> (0x00000000ead2a2a0) 
thrown [s\src\hotspot\share\interpreter\linkResolver.cpp, line 773]
Event: 0.351 Thread 0x0000014b05ea02b0 Exception <a 'java/lang/NoSuchMethodError'{0x00000000eae93070}: 'java.lang.Object java.lang.invoke.Invokers$Holder.invokeExact_MT(java.lang.Object, java.lang.Object, java.lang.Object, java.lang.Object, java.lang.Object)'> (0x00000000eae93070) 
thrown [s\src\hotspot\share\interpreter\linkResolver.cpp, line 773]
Event: 0.475 Thread 0x0000014b05ea02b0 Exception <a 'java/lang/NoSuchMethodError'{0x00000000eaf4bb28}: 'int java.lang.invoke.DirectMethodHandle$Holder.invokeSpecial(java.lang.Object, java.lang.Object, java.lang.Object, int)'> (0x00000000eaf4bb28) 
thrown [s\src\hotspot\share\interpreter\linkResolver.cpp, line 773]
Event: 0.488 Thread 0x0000014b05ea02b0 Exception <a 'java/lang/NoSuchMethodError'{0x00000000eaf5e510}: 'java.lang.Object java.lang.invoke.DirectMethodHandle$Holder.invokeStatic(java.lang.Object, java.lang.Object, java.lang.Object, java.lang.Object, int)'> (0x00000000eaf5e510) 
thrown [s\src\hotspot\share\interpreter\linkResolver.cpp, line 773]
Event: 0.491 Thread 0x0000014b05ea02b0 Exception <a 'java/lang/NoSuchMethodError'{0x00000000eaf699b8}: 'void java.lang.invoke.DelegatingMethodHandle$Holder.reinvoke_L(java.lang.Object, java.lang.Object, java.lang.Object, int, java.lang.Object)'> (0x00000000eaf699b8) 
thrown [s\src\hotspot\share\interpreter\linkResolver.cpp, line 773]
Event: 0.497 Thread 0x0000014b05ea02b0 Exception <a 'java/lang/NoSuchMethodError'{0x00000000eaf7a308}: 'int java.lang.invoke.DirectMethodHandle$Holder.invokeSpecial(java.lang.Object, java.lang.Object, java.lang.Object)'> (0x00000000eaf7a308) 
thrown [s\src\hotspot\share\interpreter\linkResolver.cpp, line 773]
Event: 0.501 Thread 0x0000014b05ea02b0 Exception <a 'java/lang/NoSuchMethodError'{0x00000000eaf85fc8}: 'java.lang.Object java.lang.invoke.DirectMethodHandle$Holder.invokeStatic(java.lang.Object, java.lang.Object, int)'> (0x00000000eaf85fc8) 
thrown [s\src\hotspot\share\interpreter\linkResolver.cpp, line 773]
Event: 0.503 Thread 0x0000014b05ea02b0 Exception <a 'java/lang/NoSuchMethodError'{0x00000000eaf8a918}: 'void java.lang.invoke.DirectMethodHandle$Holder.invokeStatic(java.lang.Object, java.lang.Object, int, java.lang.Object)'> (0x00000000eaf8a918) 
thrown [s\src\hotspot\share\interpreter\linkResolver.cpp, line 773]
Event: 0.504 Thread 0x0000014b05ea02b0 Exception <a 'java/lang/NoSuchMethodError'{0x00000000eaf8e4a8}: 'void java.lang.invoke.DirectMethodHandle$Holder.invokeSpecial(java.lang.Object, java.lang.Object, java.lang.Object, int, java.lang.Object)'> (0x00000000eaf8e4a8) 
thrown [s\src\hotspot\share\interpreter\linkResolver.cpp, line 773]
Event: 0.505 Thread 0x0000014b05ea02b0 Exception <a 'java/lang/NoSuchMethodError'{0x00000000eaf91918}: 'void java.lang.invoke.DelegatingMethodHandle$Holder.delegate(java.lang.Object, java.lang.Object, int, java.lang.Object)'> (0x00000000eaf91918) 
thrown [s\src\hotspot\share\interpreter\linkResolver.cpp, line 773]
Event: 0.669 Thread 0x0000014b05ea02b0 Exception <a 'java/lang/NoSuchMethodError'{0x00000000eb14dab0}: 'void java.lang.invoke.DelegatingMethodHandle$Holder.reinvoke_L(java.lang.Object, java.lang.Object, java.lang.Object, int)'> (0x00000000eb14dab0) 
thrown [s\src\hotspot\share\interpreter\linkResolver.cpp, line 773]
Event: 0.952 Thread 0x0000014b05ea02b0 Exception <a 'java/lang/NoSuchMethodError'{0x00000000eb5d3f28}: 'void java.lang.invoke.DirectMethodHandle$Holder.invokeVirtual(java.lang.Object, java.lang.Object)'> (0x00000000eb5d3f28) 
thrown [s\src\hotspot\share\interpreter\linkResolver.cpp, line 773]

ZGC Phase Switch (0 events):
No events

VM Operations (8 events):
Event: 0.256 Executing VM operation: HandshakeAllThreads (Deoptimize)
Event: 0.256 Executing VM operation: HandshakeAllThreads (Deoptimize) done
Event: 0.435 Executing VM operation: HandshakeAllThreads (Deoptimize)
Event: 0.435 Executing VM operation: HandshakeAllThreads (Deoptimize) done
Event: 1.159 Executing VM operation: HandshakeAllThreads (Deoptimize)
Event: 1.159 Executing VM operation: HandshakeAllThreads (Deoptimize) done
Event: 1.159 Executing VM operation: Cleanup
Event: 1.159 Executing VM operation: Cleanup done

Memory protections (0 events):
No events

Nmethod flushes (0 events):
No events

Events (14 events):
Event: 0.105 Thread 0x0000014b05ea02b0 Thread added: 0x0000014b05ea02b0
Event: 0.149 Thread 0x0000014b05ea02b0 Thread added: 0x0000014b1a247f60
Event: 0.149 Thread 0x0000014b05ea02b0 Thread added: 0x0000014b05f4df50
Event: 0.149 Thread 0x0000014b05ea02b0 Thread added: 0x0000014b1a24b210
Event: 0.149 Thread 0x0000014b05ea02b0 Thread added: 0x0000014b1a24c210
Event: 0.149 Thread 0x0000014b05ea02b0 Thread added: 0x0000014b1a24ea10
Event: 0.150 Thread 0x0000014b05ea02b0 Thread added: 0x0000014b1a2517c0
Event: 0.150 Thread 0x0000014b05ea02b0 Thread added: 0x0000014b1a252760
Event: 0.161 Thread 0x0000014b05ea02b0 Thread added: 0x0000014b61041c50
Event: 0.221 Thread 0x0000014b05ea02b0 Thread added: 0x0000014b610dbe80
Event: 0.580 Thread 0x0000014b1a252760 Thread added: 0x0000014b61324180
Event: 0.689 Thread 0x0000014b61324180 Thread exited: 0x0000014b61324180
Event: 0.796 Thread 0x0000014b05ea02b0 Thread added: 0x0000014b6130cf60
Event: 0.802 Thread 0x0000014b61041c50 Thread added: 0x0000014b6125f9a0


Dynamic libraries:
0x00007ff6b7fa0000 - 0x00007ff6b7fae000 	c:\Users\DELL\.vscode\extensions\redhat.java-1.41.1-win32-x64\jre\21.0.6-win32-x86_64\bin\java.exe
0x00007ff967030000 - 0x00007ff967247000 	C:\WINDOWS\SYSTEM32\ntdll.dll
0x00007ff9656f0000 - 0x00007ff9657b4000 	C:\WINDOWS\System32\KERNEL32.DLL
0x00007ff9642b0000 - 0x00007ff964683000 	C:\WINDOWS\System32\KERNELBASE.dll
0x00007ff95e400000 - 0x00007ff95e497000 	C:\WINDOWS\SYSTEM32\apphelp.dll
0x00007ff9647b0000 - 0x00007ff9648c1000 	C:\WINDOWS\System32\ucrtbase.dll
0x00007ff95c490000 - 0x00007ff95c4a8000 	c:\Users\DELL\.vscode\extensions\redhat.java-1.41.1-win32-x64\jre\21.0.6-win32-x86_64\bin\jli.dll
0x00007ff966100000 - 0x00007ff9662b1000 	C:\WINDOWS\System32\USER32.dll
0x00007ff9648d0000 - 0x00007ff9648f6000 	C:\WINDOWS\System32\win32u.dll
0x00007ff965970000 - 0x00007ff965999000 	C:\WINDOWS\System32\GDI32.dll
0x00007ff964690000 - 0x00007ff9647ab000 	C:\WINDOWS\System32\gdi32full.dll
0x00007ff964c30000 - 0x00007ff964cca000 	C:\WINDOWS\System32\msvcp_win.dll
0x00007ff95c3e0000 - 0x00007ff95c3fe000 	c:\Users\DELL\.vscode\extensions\redhat.java-1.41.1-win32-x64\jre\21.0.6-win32-x86_64\bin\VCRUNTIME140.dll
0x00007ff949110000 - 0x00007ff9493a8000 	C:\WINDOWS\WinSxS\amd64_microsoft.windows.common-controls_6595b64144ccf1df_6.0.22621.5124_none_270e8f4f7386d69d\COMCTL32.dll
0x00007ff966f20000 - 0x00007ff966fc7000 	C:\WINDOWS\System32\msvcrt.dll
0x00007ff964cd0000 - 0x00007ff964d01000 	C:\WINDOWS\System32\IMM32.DLL
0x00007ff95e270000 - 0x00007ff95e27c000 	c:\Users\DELL\.vscode\extensions\redhat.java-1.41.1-win32-x64\jre\21.0.6-win32-x86_64\bin\vcruntime140_1.dll
0x00007ff91fd70000 - 0x00007ff91fdfd000 	c:\Users\DELL\.vscode\extensions\redhat.java-1.41.1-win32-x64\jre\21.0.6-win32-x86_64\bin\msvcp140.dll
0x00007ff8e1a90000 - 0x00007ff8e2820000 	c:\Users\DELL\.vscode\extensions\redhat.java-1.41.1-win32-x64\jre\21.0.6-win32-x86_64\bin\server\jvm.dll
0x00007ff9655c0000 - 0x00007ff965671000 	C:\WINDOWS\System32\ADVAPI32.dll
0x00007ff9658c0000 - 0x00007ff965968000 	C:\WINDOWS\System32\sechost.dll
0x00007ff964980000 - 0x00007ff9649a8000 	C:\WINDOWS\System32\bcrypt.dll
0x00007ff966c80000 - 0x00007ff966d94000 	C:\WINDOWS\System32\RPCRT4.dll
0x00007ff965ec0000 - 0x00007ff965f31000 	C:\WINDOWS\System32\WS2_32.dll
0x00007ff962f90000 - 0x00007ff962fdd000 	C:\WINDOWS\SYSTEM32\POWRPROF.dll
0x00007ff95e560000 - 0x00007ff95e594000 	C:\WINDOWS\SYSTEM32\WINMM.dll
0x00007ff951c60000 - 0x00007ff951c6a000 	C:\WINDOWS\SYSTEM32\VERSION.dll
0x00007ff962f70000 - 0x00007ff962f83000 	C:\WINDOWS\SYSTEM32\UMPDC.dll
0x00007ff963240000 - 0x00007ff963258000 	C:\WINDOWS\SYSTEM32\kernel.appcore.dll
0x00007ff95a3f0000 - 0x00007ff95a3fa000 	c:\Users\DELL\.vscode\extensions\redhat.java-1.41.1-win32-x64\jre\21.0.6-win32-x86_64\bin\jimage.dll
0x00007ff961a60000 - 0x00007ff961c92000 	C:\WINDOWS\SYSTEM32\DBGHELP.DLL
0x00007ff9659a0000 - 0x00007ff965d32000 	C:\WINDOWS\System32\combase.dll
0x00007ff9669b0000 - 0x00007ff966a87000 	C:\WINDOWS\System32\OLEAUT32.dll
0x00007ff95e520000 - 0x00007ff95e552000 	C:\WINDOWS\SYSTEM32\dbgcore.DLL
0x00007ff964af0000 - 0x00007ff964b6b000 	C:\WINDOWS\System32\bcryptPrimitives.dll
0x00007ff95a3e0000 - 0x00007ff95a3ef000 	c:\Users\DELL\.vscode\extensions\redhat.java-1.41.1-win32-x64\jre\21.0.6-win32-x86_64\bin\instrument.dll
0x00007ff94a1f0000 - 0x00007ff94a20f000 	c:\Users\DELL\.vscode\extensions\redhat.java-1.41.1-win32-x64\jre\21.0.6-win32-x86_64\bin\java.dll
0x00007ff964d10000 - 0x00007ff9655a6000 	C:\WINDOWS\System32\SHELL32.dll
0x00007ff9649b0000 - 0x00007ff964aef000 	C:\WINDOWS\System32\wintypes.dll
0x00007ff962010000 - 0x00007ff96292a000 	C:\WINDOWS\SYSTEM32\windows.storage.dll
0x00007ff966ae0000 - 0x00007ff966bea000 	C:\WINDOWS\System32\SHCORE.dll
0x00007ff965e50000 - 0x00007ff965eb3000 	C:\WINDOWS\System32\shlwapi.dll
0x00007ff964070000 - 0x00007ff96409b000 	C:\WINDOWS\SYSTEM32\profapi.dll
0x00007ff949660000 - 0x00007ff949678000 	c:\Users\DELL\.vscode\extensions\redhat.java-1.41.1-win32-x64\jre\21.0.6-win32-x86_64\bin\zip.dll
0x00007ff958b40000 - 0x00007ff958b50000 	C:\Users\DELL\.vscode\extensions\redhat.java-1.41.1-win32-x64\jre\21.0.6-win32-x86_64\bin\net.dll
0x00007ff95a120000 - 0x00007ff95a24c000 	C:\WINDOWS\SYSTEM32\WINHTTP.dll
0x00007ff9636e0000 - 0x00007ff96374a000 	C:\WINDOWS\system32\mswsock.dll
0x00007ff949440000 - 0x00007ff949456000 	C:\Users\DELL\.vscode\extensions\redhat.java-1.41.1-win32-x64\jre\21.0.6-win32-x86_64\bin\nio.dll
0x00007ff950340000 - 0x00007ff950350000 	c:\Users\DELL\.vscode\extensions\redhat.java-1.41.1-win32-x64\jre\21.0.6-win32-x86_64\bin\verify.dll

dbghelp: loaded successfully - version: 4.0.5 - missing functions: none
symbol engine: initialized successfully - sym options: 0x614 - pdb path: .;c:\Users\DELL\.vscode\extensions\redhat.java-1.41.1-win32-x64\jre\21.0.6-win32-x86_64\bin;C:\WINDOWS\SYSTEM32;C:\WINDOWS\WinSxS\amd64_microsoft.windows.common-controls_6595b64144ccf1df_6.0.22621.5124_none_270e8f4f7386d69d;c:\Users\DELL\.vscode\extensions\redhat.java-1.41.1-win32-x64\jre\21.0.6-win32-x86_64\bin\server

VM Arguments:
jvm_args: --add-modules=ALL-SYSTEM --add-opens=java.base/java.util=ALL-UNNAMED --add-opens=java.base/java.lang=ALL-UNNAMED --add-opens=java.base/sun.nio.fs=ALL-UNNAMED -Declipse.application=org.eclipse.jdt.ls.core.id1 -Dosgi.bundles.defaultStartLevel=4 -Declipse.product=org.eclipse.jdt.ls.core.product -Djava.import.generatesMetadataFilesAtProjectRoot=false -DDetectVMInstallationsJob.disabled=true -Dfile.encoding=utf8 -XX:+UseParallelGC -XX:GCTimeRatio=4 -XX:AdaptiveSizePolicyWeight=90 -Dsun.zip.disableMemoryMapping=true -Xmx1G -Xms100m -Xlog:disable -javaagent:c:\Users\DELL\.vscode\extensions\redhat.java-1.41.1-win32-x64\lombok\lombok-1.18.36.jar -XX:+HeapDumpOnOutOfMemoryError -XX:HeapDumpPath=c:\Users\DELL\AppData\Roaming\Code\User\workspaceStorage\a273020681a943df6c7830267ba8b68f\redhat.java -Daether.dependencyCollector.impl=bf 
java_command: c:\Users\DELL\.vscode\extensions\redhat.java-1.41.1-win32-x64\server\plugins\org.eclipse.equinox.launcher_1.7.0.v20250331-1702.jar -configuration c:\Users\DELL\AppData\Roaming\Code\User\globalStorage\redhat.java\1.41.1\config_win -data c:\Users\DELL\AppData\Roaming\Code\User\workspaceStorage\a273020681a943df6c7830267ba8b68f\redhat.java\jdt_ws --pipe=\\.\pipe\lsp-9bd852afe5b64feba4142e4ae3590a1b-sock
java_class_path (initial): c:\Users\DELL\.vscode\extensions\redhat.java-1.41.1-win32-x64\server\plugins\org.eclipse.equinox.launcher_1.7.0.v20250331-1702.jar
Launcher Type: SUN_STANDARD

[Global flags]
    uintx AdaptiveSizePolicyWeight                 = 90                                        {product} {command line}
     intx CICompilerCount                          = 4                                         {product} {ergonomic}
    uintx GCTimeRatio                              = 4                                         {product} {command line}
     bool HeapDumpOnOutOfMemoryError               = true                                   {manageable} {command line}
    ccstr HeapDumpPath                             = c:\Users\DELL\AppData\Roaming\Code\User\workspaceStorage\a273020681a943df6c7830267ba8b68f\redhat.java         {manageable} {command line}
   size_t InitialHeapSize                          = 104857600                                 {product} {command line}
   size_t MaxHeapSize                              = 1073741824                                {product} {command line}
   size_t MaxNewSize                               = 357564416                                 {product} {ergonomic}
   size_t MinHeapDeltaBytes                        = 524288                                    {product} {ergonomic}
   size_t MinHeapSize                              = 104857600                                 {product} {command line}
   size_t NewSize                                  = 34603008                                  {product} {ergonomic}
    uintx NonNMethodCodeHeapSize                   = 5839372                                {pd product} {ergonomic}
    uintx NonProfiledCodeHeapSize                  = 122909434                              {pd product} {ergonomic}
   size_t OldSize                                  = 70254592                                  {product} {ergonomic}
    uintx ProfiledCodeHeapSize                     = 122909434                              {pd product} {ergonomic}
    uintx ReservedCodeCacheSize                    = 251658240                              {pd product} {ergonomic}
     bool SegmentedCodeCache                       = true                                      {product} {ergonomic}
   size_t SoftMaxHeapSize                          = 1073741824                             {manageable} {ergonomic}
     bool UseCompressedOops                        = true                           {product lp64_product} {ergonomic}
     bool UseLargePagesIndividualAllocation        = false                                  {pd product} {ergonomic}
     bool UseParallelGC                            = true                                      {product} {command line}

Logging:
Log output configuration:
 #0: stdout all=off uptime,level,tags foldmultilines=false
 #1: stderr all=off uptime,level,tags foldmultilines=false

Environment Variables:
JAVA_HOME=C:\Program Files\Microsoft\jdk-17.0.14.7-hotspot\
PATH=C:\Program Files\Microsoft\jdk-17.0.14.7-hotspot\bin;C:\app\DELL\product\21c\dbhomeXE\bin;C:\Python311\Scripts\;C:\Python311\;C:\Windows\system32;C:\Windows;C:\Windows\System32\Wbem;C:\Windows\System32\WindowsPowerShell\v1.0\;C:\Windows\System32\OpenSSH\;C:\Program Files\NVIDIA Corporation\NVIDIA NvDLISR;C:\Program Files (x86)\NVIDIA Corporation\PhysX\Common;C:\WINDOWS\system32;C:\WINDOWS;C:\WINDOWS\System32\Wbem;C:\WINDOWS\System32\WindowsPowerShell\v1.0\;C:\WINDOWS\System32\OpenSSH\;C:\MinGW\bin;C:\Program Files\Microsoft\jdk-17.0.14.7-hotspot\\bin;D:\java\Code\practise;D:\java\Code\practise;C:\ProgramData\chocolatey\bin;D:\PA\code;C:\Program Files\MongoDB\bin;D:\ADI\code;C:\Program Files\Git\cmd;C:\Program Files\nodejs\;C:\Program Files\MySQL\MySQL Shell 8.0\bin\;D:\mysql\bin\;C:\Users\DELL\AppData\Local\Microsoft\WindowsApps;C:\Users\DELL\AppData\Local\Programs\Microsoft VS Code\bin;C:\Users\DELL\AppData\Local\Programs\mongosh\;C:\Users\DELL\AppData\Roaming\npm;C:\Users\DELL\AppData\Local\Android\Sdk\platform-tools;D:\Download\curl-8.12.1_4-win64-mingw\bin;C:\Program Files\MongoDB\Server\8.0\bin;
USERNAME=DELL
OS=Windows_NT
PROCESSOR_IDENTIFIER=Intel64 Family 6 Model 140 Stepping 1, GenuineIntel
TMP=C:\Users\DELL\AppData\Local\Temp
TEMP=C:\Users\DELL\AppData\Local\Temp




Periodic native trim disabled

---------------  S Y S T E M  ---------------

OS:
 Windows 11 , 64 bit Build 22621 (10.0.22621.5124)
OS uptime: 1 days 0:34 hours
Hyper-V role detected

CPU: total 8 (initial active 8) (4 cores per cpu, 2 threads per core) family 6 model 140 stepping 1 microcode 0xb8, cx8, cmov, fxsr, ht, mmx, 3dnowpref, sse, sse2, sse3, ssse3, sse4.1, sse4.2, popcnt, lzcnt, tsc, tscinvbit, avx, avx2, aes, erms, clmul, bmi1, bmi2, adx, avx512f, avx512dq, avx512cd, avx512bw, avx512vl, sha, fma, vzeroupper, avx512_vpopcntdq, avx512_vpclmulqdq, avx512_vaes, avx512_vnni, clflush, clflushopt, clwb, avx512_vbmi2, avx512_vbmi, hv, rdtscp, rdpid, fsrm, gfni, avx512_bitalg, f16c, cet_ibt, cet_ss, avx512_ifma
Processor Information for the first 8 processors :
  Max Mhz: 1382, Current Mhz: 1382, Mhz Limit: 1382

Memory: 4k page, system-wide physical 7918M (554M free)
TotalPageFile size 23918M (AvailPageFile size 1M)
current process WorkingSet (physical memory assigned to process): 63M, peak: 63M
current process commit charge ("private bytes"): 198M, peak: 198M

vm_info: OpenJDK 64-Bit Server VM (21.0.6+7-LTS) for windows-amd64 JRE (21.0.6+7-LTS), built on 2025-01-21T00:00:00Z by "admin" with MS VC++ 17.7 (VS2022)

END.
