#
# There is insufficient memory for the Java Runtime Environment to continue.
# Native memory allocation (mmap) failed to map 177209344 bytes. Error detail: G1 virtual space
# Possible reasons:
#   The system is out of physical RAM or swap space
#   This process is running with CompressedOops enabled, and the Java Heap may be blocking the growth of the native heap
# Possible solutions:
#   Reduce memory load on the system
#   Increase physical memory or swap space
#   Check if swap backing store is full
#   Decrease Java heap size (-Xmx/-Xms)
#   Decrease number of Java threads
#   Decrease Java thread stack sizes (-Xss)
#   Set larger code cache with -XX:ReservedCodeCacheSize=
#   JVM is running with Unscaled Compressed Oops mode in which the Java heap is
#     placed in the first 4GB address space. The Java Heap base address is the
#     maximum limit for the native heap growth. Please use -XX:HeapBaseMinAddress
#     to set the Java Heap base and to place the Java Heap above 4GB virtual address.
# This output file may be truncated or incomplete.
#
#  Out of Memory Error (os_windows.cpp:3710), pid=23852, tid=6396
#
# JRE version: OpenJDK Runtime Environment Microsoft-10800295 (17.0.14+7) (build 17.0.14+7-LTS)
# Java VM: OpenJDK 64-Bit Server VM Microsoft-10800295 (17.0.14+7-LTS, mixed mode, sharing, tiered, compressed oops, compressed class ptrs, g1 gc, windows-amd64)
# No core dump will be written. Minidumps are not enabled by default on client versions of Windows
#

---------------  S U M M A R Y ------------

Command Line: --add-opens=java.base/java.lang=ALL-UNNAMED --add-opens=java.base/java.lang.invoke=ALL-UNNAMED --add-opens=java.base/java.util=ALL-UNNAMED --add-opens=java.prefs/java.util.prefs=ALL-UNNAMED --add-exports=jdk.compiler/com.sun.tools.javac.api=ALL-UNNAMED --add-exports=jdk.compiler/com.sun.tools.javac.util=ALL-UNNAMED --add-opens=java.base/java.util=ALL-UNNAMED --add-opens=java.prefs/java.util.prefs=ALL-UNNAMED --add-opens=java.base/java.nio.charset=ALL-UNNAMED --add-opens=java.base/java.net=ALL-UNNAMED --add-opens=java.base/java.util.concurrent.atomic=ALL-UNNAMED --add-opens=java.xml/javax.xml.namespace=ALL-UNNAMED -XX:MaxMetaspaceSize=512m -Xmx2048m -Dfile.encoding=windows-1252 -Duser.country=IN -Duser.language=en -Duser.variant -javaagent:C:\Users\DELL\.gradle\wrapper\dists\gradle-8.12-all\ejduaidbjup3bmmkhw3rie4zb\gradle-8.12\lib\agents\gradle-instrumentation-agent-8.12.jar org.gradle.launcher.daemon.bootstrap.GradleDaemon 8.12

Host: 11th Gen Intel(R) Core(TM) i5-1135G7 @ 2.40GHz, 8 cores, 7G,  Windows 11 , 64 bit Build 22621 (10.0.22621.5124)
Time: Thu Apr 17 11:24:24 2025 India Standard Time elapsed time: 665.512782 seconds (0d 0h 11m 5s)

---------------  T H R E A D  ---------------

Current thread (0x000002625dd2fa80):  VMThread "VM Thread" [stack: 0x000000fbc9c00000,0x000000fbc9d00000] [id=6396]

Stack: [0x000000fbc9c00000,0x000000fbc9d00000]
Native frames: (J=compiled Java code, j=interpreted, Vv=VM code, C=native code)
V  [jvm.dll+0x6886b9]
V  [jvm.dll+0x83f6f8]
V  [jvm.dll+0x8411a3]
V  [jvm.dll+0x841813]
V  [jvm.dll+0x2495cf]
V  [jvm.dll+0x6855f9]
V  [jvm.dll+0x679a8a]
V  [jvm.dll+0x30afc7]
V  [jvm.dll+0x312536]
V  [jvm.dll+0x362eee]
V  [jvm.dll+0x36312d]
V  [jvm.dll+0x2e225c]
V  [jvm.dll+0x2e0609]
V  [jvm.dll+0x2dfd6c]
V  [jvm.dll+0x32291b]
V  [jvm.dll+0x84604d]
V  [jvm.dll+0x846d83]
V  [jvm.dll+0x8472af]
V  [jvm.dll+0x847694]
V  [jvm.dll+0x84775e]
V  [jvm.dll+0x7ef2ac]
V  [jvm.dll+0x687597]
C  [ucrtbase.dll+0x29333]
C  [KERNEL32.DLL+0x1259d]
C  [ntdll.dll+0x5af38]

VM_Operation (0x000000fbcb1f7230): G1CollectForAllocation, mode: safepoint, requested by thread 0x000002627d2ff130


---------------  P R O C E S S  ---------------

Threads class SMR info:
_java_thread_list=0x0000026201b337c0, length=62, elements={
0x000002623f8c73b0, 0x000002625dd34210, 0x000002625dd34be0, 0x000002625dd4d890,
0x000002625dd4e160, 0x000002625dd54a60, 0x000002625dd55ad0, 0x000002625dd56c90,
0x000002625dd5c6c0, 0x000002625dd639d0, 0x000002625dd20af0, 0x000002627d1fe5e0,
0x000002627e7d1100, 0x000002627e61b530, 0x000002627e937200, 0x000002627eb25bb0,
0x000002627eb22910, 0x000002627eb22e20, 0x000002627eb23d50, 0x0000026200797560,
0x0000026200792e80, 0x0000026200797a70, 0x000002627d2fc3a0, 0x000002627d2f8bf0,
0x000002627d2fdcf0, 0x000002627d2ff130, 0x000002627d2fe200, 0x000002627d2fb470,
0x000002627d2faf60, 0x000002627d2fd2d0, 0x000002627d2fbe90, 0x000002627d2ffb50,
0x000002627d2fa030, 0x000002627d2fb980, 0x000002627d2fe710, 0x000002627d2fec20,
0x000002627d2ff640, 0x000002627d2f86e0, 0x000002627d300060, 0x000002627d2f9100,
0x000002627d2f9610, 0x000002627d2fc8b0, 0x000002627d2fcdc0, 0x000002627d2faa50,
0x000002627d2f9b20, 0x0000026200793390, 0x0000026200795700, 0x0000026200797f80,
0x0000026200794ce0, 0x00000262007989a0, 0x0000026200795c10, 0x0000026200798eb0,
0x00000262007998d0, 0x0000026200793db0, 0x0000026200796630, 0x0000026200797050,
0x0000026200799de0, 0x0000026200792970, 0x000002620079a2f0, 0x000002627eb23330,
0x000002627eb24770, 0x000002627eb256a0
}

Java Threads: ( => current thread )
  0x000002623f8c73b0 JavaThread "main" [_thread_blocked, id=15052, stack(0x000000fbc9600000,0x000000fbc9700000)]
  0x000002625dd34210 JavaThread "Reference Handler" daemon [_thread_blocked, id=27144, stack(0x000000fbc9d00000,0x000000fbc9e00000)]
  0x000002625dd34be0 JavaThread "Finalizer" daemon [_thread_blocked, id=27244, stack(0x000000fbc9e00000,0x000000fbc9f00000)]
  0x000002625dd4d890 JavaThread "Signal Dispatcher" daemon [_thread_blocked, id=17348, stack(0x000000fbc9f00000,0x000000fbca000000)]
  0x000002625dd4e160 JavaThread "Attach Listener" daemon [_thread_blocked, id=13236, stack(0x000000fbca000000,0x000000fbca100000)]
  0x000002625dd54a60 JavaThread "Service Thread" daemon [_thread_blocked, id=4836, stack(0x000000fbca100000,0x000000fbca200000)]
  0x000002625dd55ad0 JavaThread "Monitor Deflation Thread" daemon [_thread_blocked, id=5812, stack(0x000000fbca200000,0x000000fbca300000)]
  0x000002625dd56c90 JavaThread "C2 CompilerThread0" daemon [_thread_blocked, id=20184, stack(0x000000fbca300000,0x000000fbca400000)]
  0x000002625dd5c6c0 JavaThread "C1 CompilerThread0" daemon [_thread_blocked, id=27696, stack(0x000000fbca400000,0x000000fbca500000)]
  0x000002625dd639d0 JavaThread "Sweeper thread" daemon [_thread_blocked, id=27336, stack(0x000000fbca500000,0x000000fbca600000)]
  0x000002625dd20af0 JavaThread "Common-Cleaner" daemon [_thread_blocked, id=25912, stack(0x000000fbca600000,0x000000fbca700000)]
  0x000002627d1fe5e0 JavaThread "Notification Thread" daemon [_thread_blocked, id=8452, stack(0x000000fbca700000,0x000000fbca800000)]
  0x000002627e7d1100 JavaThread "Daemon health stats" [_thread_blocked, id=11428, stack(0x000000fbcad00000,0x000000fbcae00000)]
  0x000002627e61b530 JavaThread "Incoming local TCP Connector on port 59774" [_thread_in_native, id=22620, stack(0x000000fbcae00000,0x000000fbcaf00000)]
  0x000002627e937200 JavaThread "Daemon periodic checks" [_thread_blocked, id=28312, stack(0x000000fbcaf00000,0x000000fbcb000000)]
  0x000002627eb25bb0 JavaThread "Cache worker for journal cache (C:\Users\DELL\.gradle\caches\journal-1)" [_thread_blocked, id=26680, stack(0x000000fbcb700000,0x000000fbcb800000)]
  0x000002627eb22910 JavaThread "File lock request listener" [_thread_in_native, id=4116, stack(0x000000fbcb800000,0x000000fbcb900000)]
  0x000002627eb22e20 JavaThread "Cache worker for file hash cache (C:\Users\DELL\.gradle\caches\8.12\fileHashes)" [_thread_blocked, id=26908, stack(0x000000fbcb900000,0x000000fbcba00000)]
  0x000002627eb23d50 JavaThread "File watcher server" daemon [_thread_in_native, id=21804, stack(0x000000fbcc000000,0x000000fbcc100000)]
  0x0000026200797560 JavaThread "File watcher consumer" daemon [_thread_blocked, id=23964, stack(0x000000fbcc100000,0x000000fbcc200000)]
  0x0000026200792e80 JavaThread "jar transforms" [_thread_blocked, id=2808, stack(0x000000fbcc200000,0x000000fbcc300000)]
  0x0000026200797a70 JavaThread "Cache worker for file content cache (C:\Users\DELL\.gradle\caches\8.12\fileContent)" [_thread_blocked, id=10808, stack(0x000000fbcc400000,0x000000fbcc500000)]
  0x000002627d2fc3a0 JavaThread "Daemon Thread 2" [_thread_blocked, id=16676, stack(0x000000fbc9400000,0x000000fbc9500000)]
  0x000002627d2f8bf0 JavaThread "Handler for socket connection from /127.0.0.1:59774 to /127.0.0.1:60843" [_thread_in_native, id=17480, stack(0x000000fbc9500000,0x000000fbc9600000)]
  0x000002627d2fdcf0 JavaThread "Cancel handler" [_thread_blocked, id=21388, stack(0x000000fbcb000000,0x000000fbcb100000)]
  0x000002627d2ff130 JavaThread "Daemon worker Thread 2" [_thread_blocked, id=14232, stack(0x000000fbcb100000,0x000000fbcb200000)]
  0x000002627d2fe200 JavaThread "Asynchronous log dispatcher for DefaultDaemonConnection: socket connection from /127.0.0.1:59774 to /127.0.0.1:60843" [_thread_blocked, id=9568, stack(0x000000fbcb200000,0x000000fbcb300000)]
  0x000002627d2fb470 JavaThread "Stdin handler" [_thread_blocked, id=24720, stack(0x000000fbcb300000,0x000000fbcb400000)]
  0x000002627d2faf60 JavaThread "Daemon client event forwarder" [_thread_blocked, id=14948, stack(0x000000fbcb400000,0x000000fbcb500000)]
  0x000002627d2fd2d0 JavaThread "Cache worker for file hash cache (D:\AwesomeProject\android\.gradle\8.12\fileHashes)" [_thread_blocked, id=24804, stack(0x000000fbcb500000,0x000000fbcb600000)]
  0x000002627d2fbe90 JavaThread "Cache worker for Build Output Cleanup Cache (D:\AwesomeProject\android\.gradle\buildOutputCleanup)" [_thread_blocked, id=28020, stack(0x000000fbcb600000,0x000000fbcb700000)]
  0x000002627d2ffb50 JavaThread "Cache worker for checksums cache (D:\AwesomeProject\android\.gradle\8.12\checksums)" [_thread_blocked, id=6336, stack(0x000000fbcbd00000,0x000000fbcbe00000)]
  0x000002627d2fa030 JavaThread "Cache worker for cache directory md-rule (C:\Users\DELL\.gradle\caches\8.12\md-rule)" [_thread_blocked, id=9556, stack(0x000000fbcbe00000,0x000000fbcbf00000)]
  0x000002627d2fb980 JavaThread "Cache worker for cache directory md-supplier (C:\Users\DELL\.gradle\caches\8.12\md-supplier)" [_thread_blocked, id=21368, stack(0x000000fbcc300000,0x000000fbcc400000)]
  0x000002627d2fe710 JavaThread "Cache worker for Build Output Cleanup Cache (D:\AwesomeProject\node_modules\@react-native\gradle-plugin\.gradle\buildOutputCleanup)" [_thread_blocked, id=27844, stack(0x000000fbcc500000,0x000000fbcc600000)]
  0x000002627d2fec20 JavaThread "Unconstrained build operations" [_thread_blocked, id=19716, stack(0x000000fbcc600000,0x000000fbcc700000)]
  0x000002627d2ff640 JavaThread "Unconstrained build operations Thread 2" [_thread_blocked, id=20956, stack(0x000000fbcc700000,0x000000fbcc800000)]
  0x000002627d2f86e0 JavaThread "Unconstrained build operations Thread 3" [_thread_blocked, id=22904, stack(0x000000fbcc800000,0x000000fbcc900000)]
  0x000002627d300060 JavaThread "Unconstrained build operations Thread 4" [_thread_blocked, id=17976, stack(0x000000fbcc900000,0x000000fbcca00000)]
  0x000002627d2f9100 JavaThread "Unconstrained build operations Thread 5" [_thread_blocked, id=14944, stack(0x000000fbcca00000,0x000000fbccb00000)]
  0x000002627d2f9610 JavaThread "Unconstrained build operations Thread 6" [_thread_blocked, id=22932, stack(0x000000fbccb00000,0x000000fbccc00000)]
  0x000002627d2fc8b0 JavaThread "Unconstrained build operations Thread 7" [_thread_blocked, id=16468, stack(0x000000fbccc00000,0x000000fbccd00000)]
  0x000002627d2fcdc0 JavaThread "Unconstrained build operations Thread 8" [_thread_blocked, id=28324, stack(0x000000fbccd00000,0x000000fbcce00000)]
  0x000002627d2faa50 JavaThread "Unconstrained build operations Thread 9" [_thread_blocked, id=7628, stack(0x000000fbcce00000,0x000000fbccf00000)]
  0x000002627d2f9b20 JavaThread "Unconstrained build operations Thread 10" [_thread_blocked, id=17740, stack(0x000000fbccf00000,0x000000fbcd000000)]
  0x0000026200793390 JavaThread "Unconstrained build operations Thread 11" [_thread_blocked, id=2540, stack(0x000000fbcd000000,0x000000fbcd100000)]
  0x0000026200795700 JavaThread "Unconstrained build operations Thread 12" [_thread_blocked, id=25364, stack(0x000000fbcd100000,0x000000fbcd200000)]
  0x0000026200797f80 JavaThread "Unconstrained build operations Thread 13" [_thread_blocked, id=28204, stack(0x000000fbcd200000,0x000000fbcd300000)]
  0x0000026200794ce0 JavaThread "Unconstrained build operations Thread 14" [_thread_blocked, id=6584, stack(0x000000fbcd300000,0x000000fbcd400000)]
  0x00000262007989a0 JavaThread "Unconstrained build operations Thread 15" [_thread_blocked, id=9792, stack(0x000000fbcd400000,0x000000fbcd500000)]
  0x0000026200795c10 JavaThread "Unconstrained build operations Thread 16" [_thread_blocked, id=17488, stack(0x000000fbcd500000,0x000000fbcd600000)]
  0x0000026200798eb0 JavaThread "Unconstrained build operations Thread 17" [_thread_blocked, id=20556, stack(0x000000fbcd600000,0x000000fbcd700000)]
  0x00000262007998d0 JavaThread "Unconstrained build operations Thread 18" [_thread_blocked, id=14164, stack(0x000000fbcd700000,0x000000fbcd800000)]
  0x0000026200793db0 JavaThread "build event listener" [_thread_blocked, id=26524, stack(0x000000fbcd800000,0x000000fbcd900000)]
  0x0000026200796630 JavaThread "Memory manager" [_thread_blocked, id=7732, stack(0x000000fbcd900000,0x000000fbcda00000)]
  0x0000026200797050 JavaThread "ForkJoinPool.commonPool-worker-1" daemon [_thread_blocked, id=22668, stack(0x000000fbcda00000,0x000000fbcdb00000)]
  0x0000026200799de0 JavaThread "ForkJoinPool.commonPool-worker-2" daemon [_thread_blocked, id=14052, stack(0x000000fbcdb00000,0x000000fbcdc00000)]
  0x0000026200792970 JavaThread "ForkJoinPool.commonPool-worker-3" daemon [_thread_blocked, id=14112, stack(0x000000fbcdc00000,0x000000fbcdd00000)]
  0x000002620079a2f0 JavaThread "ForkJoinPool.commonPool-worker-4" daemon [_thread_blocked, id=14188, stack(0x000000fbcdd00000,0x000000fbcde00000)]
  0x000002627eb23330 JavaThread "ForkJoinPool.commonPool-worker-5" daemon [_thread_blocked, id=8872, stack(0x000000fbcde00000,0x000000fbcdf00000)]
  0x000002627eb24770 JavaThread "ForkJoinPool.commonPool-worker-6" daemon [_thread_blocked, id=7044, stack(0x000000fbcdf00000,0x000000fbce000000)]
  0x000002627eb256a0 JavaThread "ForkJoinPool.commonPool-worker-7" daemon [_thread_blocked, id=22824, stack(0x000000fbce000000,0x000000fbce100000)]

Other Threads:
=>0x000002625dd2fa80 VMThread "VM Thread" [stack: 0x000000fbc9c00000,0x000000fbc9d00000] [id=6396]
  0x000002627d154960 WatcherThread [stack: 0x000000fbca800000,0x000000fbca900000] [id=6400]
  0x000002623f921430 GCTaskThread "GC Thread#0" [stack: 0x000000fbc9700000,0x000000fbc9800000] [id=27792]
  0x000002627d95c2c0 GCTaskThread "GC Thread#1" [stack: 0x000000fbca900000,0x000000fbcaa00000] [id=4540]
  0x000002627d95b500 GCTaskThread "GC Thread#2" [stack: 0x000000fbcaa00000,0x000000fbcab00000] [id=19992]
  0x000002627d95a740 GCTaskThread "GC Thread#3" [stack: 0x000000fbcab00000,0x000000fbcac00000] [id=13596]
  0x000002627d95aa00 GCTaskThread "GC Thread#4" [stack: 0x000000fbcac00000,0x000000fbcad00000] [id=14168]
  0x000002627d95af80 GCTaskThread "GC Thread#5" [stack: 0x000000fbcba00000,0x000000fbcbb00000] [id=20468]
  0x000002627d95b240 GCTaskThread "GC Thread#6" [stack: 0x000000fbcbb00000,0x000000fbcbc00000] [id=7520]
  0x000002627d95b7c0 GCTaskThread "GC Thread#7" [stack: 0x000000fbcbc00000,0x000000fbcbd00000] [id=24520]
  0x000002623d5ce6b0 ConcurrentGCThread "G1 Main Marker" [stack: 0x000000fbc9800000,0x000000fbc9900000] [id=28448]
  0x000002623f92dd10 ConcurrentGCThread "G1 Conc#0" [stack: 0x000000fbc9900000,0x000000fbc9a00000] [id=28384]
  0x000002627d95bd40 ConcurrentGCThread "G1 Conc#1" [stack: 0x000000fbcbf00000,0x000000fbcc000000] [id=26172]
  0x000002623f96e720 ConcurrentGCThread "G1 Refine#0" [stack: 0x000000fbc9a00000,0x000000fbc9b00000] [id=7336]
  0x000002625dbe8e00 ConcurrentGCThread "G1 Service" [stack: 0x000000fbc9b00000,0x000000fbc9c00000] [id=26492]

Threads with active compile tasks:
C2 CompilerThread0   665565 9690       4       org.gradle.internal.instantiation.generator.AbstractClassGenerator::inspectType (560 bytes)

VM state: at safepoint (normal execution)

VM Mutex/Monitor currently owned by a thread:  ([mutex/lock_event])
[0x000002623f8c37a0] Threads_lock - owner thread: 0x000002625dd2fa80
[0x000002623f8c2ea0] Heap_lock - owner thread: 0x000002627d2ff130

Heap address: 0x0000000080000000, size: 2048 MB, Compressed Oops mode: 32-bit

CDS archive(s) mapped at: [0x000002625e000000-0x000002625ebb0000-0x000002625ebb0000), size 12255232, SharedBaseAddress: 0x000002625e000000, ArchiveRelocationMode: 1.
Compressed class space mapped at: 0x000002625f000000-0x0000026279000000, reserved size: 436207616
Narrow klass base: 0x000002625e000000, Narrow klass shift: 0, Narrow klass range: 0x100000000

GC Precious Log:
 CPUs: 8 total, 8 available
 Memory: 7918M
 Large Page Support: Disabled
 NUMA Support: Disabled
 Compressed Oops: Enabled (32-bit)
 Heap Region Size: 1M
 Heap Min Capacity: 8M
 Heap Initial Capacity: 124M
 Heap Max Capacity: 2G
 Pre-touch: Disabled
 Parallel Workers: 8
 Concurrent Workers: 2
 Concurrent Refinement Workers: 8
 Periodic GC: Disabled

Heap:
 garbage-first heap   total 126976K, used 67703K [0x0000000080000000, 0x0000000100000000)
  region size 1024K, 3 young (3072K), 3 survivors (3072K)
 Metaspace       used 70044K, committed 70848K, reserved 491520K
  class space    used 9900K, committed 10304K, reserved 425984K

Heap Regions: E=young(eden), S=young(survivor), O=old, HS=humongous(starts), HC=humongous(continues), CS=collection set, F=free, OA=open archive, CA=closed archive, TAMS=top-at-mark-start (previous, next)
|   0|0x0000000080000000, 0x0000000080100000, 0x0000000080100000|100%| O|  |TAMS 0x0000000080100000, 0x0000000080100000| Untracked 
|   1|0x0000000080100000, 0x0000000080200000, 0x0000000080200000|100%|HS|  |TAMS 0x0000000080200000, 0x0000000080200000| Complete 
|   2|0x0000000080200000, 0x0000000080300000, 0x0000000080300000|100%|HC|  |TAMS 0x0000000080300000, 0x0000000080300000| Complete 
|   3|0x0000000080300000, 0x0000000080400000, 0x0000000080400000|100%|HC|  |TAMS 0x0000000080400000, 0x0000000080400000| Complete 
|   4|0x0000000080400000, 0x0000000080400000, 0x0000000080500000|  0%| F|  |TAMS 0x0000000080400000, 0x0000000080400000| Untracked 
|   5|0x0000000080500000, 0x0000000080600000, 0x0000000080600000|100%| O|  |TAMS 0x0000000080600000, 0x0000000080600000| Untracked 
|   6|0x0000000080600000, 0x0000000080700000, 0x0000000080700000|100%| O|  |TAMS 0x0000000080700000, 0x0000000080700000| Untracked 
|   7|0x0000000080700000, 0x0000000080800000, 0x0000000080800000|100%| O|  |TAMS 0x0000000080800000, 0x0000000080800000| Untracked 
|   8|0x0000000080800000, 0x0000000080900000, 0x0000000080900000|100%|HS|  |TAMS 0x0000000080900000, 0x0000000080900000| Complete 
|   9|0x0000000080900000, 0x0000000080a00000, 0x0000000080a00000|100%| O|  |TAMS 0x0000000080a00000, 0x0000000080a00000| Untracked 
|  10|0x0000000080a00000, 0x0000000080b00000, 0x0000000080b00000|100%| O|  |TAMS 0x0000000080b00000, 0x0000000080b00000| Untracked 
|  11|0x0000000080b00000, 0x0000000080c00000, 0x0000000080c00000|100%| O|  |TAMS 0x0000000080c00000, 0x0000000080c00000| Untracked 
|  12|0x0000000080c00000, 0x0000000080d00000, 0x0000000080d00000|100%| O|  |TAMS 0x0000000080d00000, 0x0000000080d00000| Untracked 
|  13|0x0000000080d00000, 0x0000000080e00000, 0x0000000080e00000|100%| O|  |TAMS 0x0000000080e00000, 0x0000000080e00000| Untracked 
|  14|0x0000000080e00000, 0x0000000080f00000, 0x0000000080f00000|100%| O|  |TAMS 0x0000000080f00000, 0x0000000080f00000| Untracked 
|  15|0x0000000080f00000, 0x0000000081000000, 0x0000000081000000|100%| O|  |TAMS 0x0000000081000000, 0x0000000081000000| Untracked 
|  16|0x0000000081000000, 0x0000000081100000, 0x0000000081100000|100%| O|  |TAMS 0x0000000081100000, 0x0000000081100000| Untracked 
|  17|0x0000000081100000, 0x0000000081200000, 0x0000000081200000|100%| O|  |TAMS 0x0000000081200000, 0x0000000081200000| Untracked 
|  18|0x0000000081200000, 0x0000000081300000, 0x0000000081300000|100%| O|  |TAMS 0x0000000081300000, 0x0000000081300000| Untracked 
|  19|0x0000000081300000, 0x0000000081400000, 0x0000000081400000|100%| O|  |TAMS 0x0000000081400000, 0x0000000081400000| Untracked 
|  20|0x0000000081400000, 0x0000000081500000, 0x0000000081500000|100%| O|  |TAMS 0x0000000081500000, 0x0000000081500000| Untracked 
|  21|0x0000000081500000, 0x0000000081600000, 0x0000000081600000|100%| O|  |TAMS 0x0000000081600000, 0x0000000081600000| Untracked 
|  22|0x0000000081600000, 0x0000000081700000, 0x0000000081700000|100%| O|  |TAMS 0x0000000081700000, 0x0000000081700000| Untracked 
|  23|0x0000000081700000, 0x0000000081800000, 0x0000000081800000|100%| O|  |TAMS 0x0000000081800000, 0x0000000081800000| Untracked 
|  24|0x0000000081800000, 0x0000000081900000, 0x0000000081900000|100%| O|  |TAMS 0x0000000081900000, 0x0000000081900000| Untracked 
|  25|0x0000000081900000, 0x0000000081a00000, 0x0000000081a00000|100%| O|  |TAMS 0x0000000081a00000, 0x0000000081a00000| Untracked 
|  26|0x0000000081a00000, 0x0000000081b00000, 0x0000000081b00000|100%| O|  |TAMS 0x0000000081b00000, 0x0000000081b00000| Untracked 
|  27|0x0000000081b00000, 0x0000000081c00000, 0x0000000081c00000|100%| O|  |TAMS 0x0000000081c00000, 0x0000000081c00000| Untracked 
|  28|0x0000000081c00000, 0x0000000081d00000, 0x0000000081d00000|100%| O|  |TAMS 0x0000000081d00000, 0x0000000081d00000| Untracked 
|  29|0x0000000081d00000, 0x0000000081e00000, 0x0000000081e00000|100%| O|  |TAMS 0x0000000081e00000, 0x0000000081e00000| Untracked 
|  30|0x0000000081e00000, 0x0000000081f00000, 0x0000000081f00000|100%| O|  |TAMS 0x0000000081f00000, 0x0000000081f00000| Untracked 
|  31|0x0000000081f00000, 0x0000000082000000, 0x0000000082000000|100%|HS|  |TAMS 0x0000000082000000, 0x0000000082000000| Complete 
|  32|0x0000000082000000, 0x0000000082100000, 0x0000000082100000|100%|HC|  |TAMS 0x0000000082100000, 0x0000000082100000| Complete 
|  33|0x0000000082100000, 0x0000000082200000, 0x0000000082200000|100%|HS|  |TAMS 0x0000000082200000, 0x0000000082200000| Complete 
|  34|0x0000000082200000, 0x0000000082300000, 0x0000000082300000|100%|HC|  |TAMS 0x0000000082300000, 0x0000000082300000| Complete 
|  35|0x0000000082300000, 0x0000000082400000, 0x0000000082400000|100%|HC|  |TAMS 0x0000000082400000, 0x0000000082400000| Complete 
|  36|0x0000000082400000, 0x0000000082500000, 0x0000000082500000|100%| O|  |TAMS 0x0000000082500000, 0x0000000082500000| Untracked 
|  37|0x0000000082500000, 0x0000000082600000, 0x0000000082600000|100%| O|  |TAMS 0x0000000082600000, 0x0000000082600000| Untracked 
|  38|0x0000000082600000, 0x0000000082700000, 0x0000000082700000|100%| O|  |TAMS 0x0000000082700000, 0x0000000082700000| Untracked 
|  39|0x0000000082700000, 0x0000000082800000, 0x0000000082800000|100%| O|  |TAMS 0x0000000082800000, 0x0000000082800000| Untracked 
|  40|0x0000000082800000, 0x0000000082900000, 0x0000000082900000|100%| O|  |TAMS 0x0000000082900000, 0x0000000082900000| Untracked 
|  41|0x0000000082900000, 0x0000000082a00000, 0x0000000082a00000|100%| O|  |TAMS 0x0000000082a00000, 0x0000000082a00000| Untracked 
|  42|0x0000000082a00000, 0x0000000082b00000, 0x0000000082b00000|100%| O|  |TAMS 0x0000000082b00000, 0x0000000082b00000| Untracked 
|  43|0x0000000082b00000, 0x0000000082c00000, 0x0000000082c00000|100%|HS|  |TAMS 0x0000000082c00000, 0x0000000082c00000| Complete 
|  44|0x0000000082c00000, 0x0000000082d00000, 0x0000000082d00000|100%|HC|  |TAMS 0x0000000082d00000, 0x0000000082d00000| Complete 
|  45|0x0000000082d00000, 0x0000000082e00000, 0x0000000082e00000|100%| O|  |TAMS 0x0000000082e00000, 0x0000000082e00000| Untracked 
|  46|0x0000000082e00000, 0x0000000082f00000, 0x0000000082f00000|100%| O|  |TAMS 0x0000000082f00000, 0x0000000082f00000| Untracked 
|  47|0x0000000082f00000, 0x0000000083000000, 0x0000000083000000|100%| O|  |TAMS 0x0000000083000000, 0x0000000083000000| Untracked 
|  48|0x0000000083000000, 0x0000000083100000, 0x0000000083100000|100%| O|  |TAMS 0x0000000083100000, 0x0000000083100000| Untracked 
|  49|0x0000000083100000, 0x0000000083200000, 0x0000000083200000|100%| O|  |TAMS 0x0000000083200000, 0x0000000083200000| Untracked 
|  50|0x0000000083200000, 0x0000000083300000, 0x0000000083300000|100%| O|  |TAMS 0x0000000083200000, 0x0000000083300000| Untracked 
|  51|0x0000000083300000, 0x0000000083400000, 0x0000000083400000|100%| O|  |TAMS 0x0000000083400000, 0x0000000083400000| Untracked 
|  52|0x0000000083400000, 0x0000000083500000, 0x0000000083500000|100%| O|  |TAMS 0x0000000083500000, 0x0000000083500000| Untracked 
|  53|0x0000000083500000, 0x0000000083600000, 0x0000000083600000|100%| O|  |TAMS 0x0000000083600000, 0x0000000083600000| Untracked 
|  54|0x0000000083600000, 0x0000000083700000, 0x0000000083700000|100%| O|  |TAMS 0x0000000083700000, 0x0000000083700000| Untracked 
|  55|0x0000000083700000, 0x0000000083800000, 0x0000000083800000|100%| O|  |TAMS 0x0000000083800000, 0x0000000083800000| Untracked 
|  56|0x0000000083800000, 0x0000000083900000, 0x0000000083900000|100%| O|  |TAMS 0x0000000083900000, 0x0000000083900000| Untracked 
|  57|0x0000000083900000, 0x0000000083a00000, 0x0000000083a00000|100%|HS|  |TAMS 0x0000000083a00000, 0x0000000083a00000| Complete 
|  58|0x0000000083a00000, 0x0000000083b00000, 0x0000000083b00000|100%|HC|  |TAMS 0x0000000083b00000, 0x0000000083b00000| Complete 
|  59|0x0000000083b00000, 0x0000000083c00000, 0x0000000083c00000|100%|HC|  |TAMS 0x0000000083c00000, 0x0000000083c00000| Complete 
|  60|0x0000000083c00000, 0x0000000083d00000, 0x0000000083d00000|100%| O|  |TAMS 0x0000000083d00000, 0x0000000083d00000| Untracked 
|  61|0x0000000083d00000, 0x0000000083e00000, 0x0000000083e00000|100%| O|  |TAMS 0x0000000083d0be00, 0x0000000083e00000| Untracked 
|  62|0x0000000083e00000, 0x0000000083f00000, 0x0000000083f00000|100%| O|  |TAMS 0x0000000083e00000, 0x0000000083f00000| Untracked 
|  63|0x0000000083f00000, 0x0000000084000000, 0x0000000084000000|100%| O|  |TAMS 0x0000000083f00000, 0x0000000084000000| Untracked 
|  64|0x0000000084000000, 0x000000008408c000, 0x0000000084100000| 54%| O|  |TAMS 0x0000000084000000, 0x000000008408c000| Untracked 
|  65|0x0000000084100000, 0x0000000084100000, 0x0000000084200000|  0%| F|  |TAMS 0x0000000084100000, 0x0000000084100000| Untracked 
|  66|0x0000000084200000, 0x0000000084200000, 0x0000000084300000|  0%| F|  |TAMS 0x0000000084200000, 0x0000000084200000| Untracked 
|  67|0x0000000084300000, 0x0000000084300000, 0x0000000084400000|  0%| F|  |TAMS 0x0000000084300000, 0x0000000084300000| Untracked 
|  68|0x0000000084400000, 0x0000000084400000, 0x0000000084500000|  0%| F|  |TAMS 0x0000000084400000, 0x0000000084400000| Untracked 
|  69|0x0000000084500000, 0x0000000084500000, 0x0000000084600000|  0%| F|  |TAMS 0x0000000084500000, 0x0000000084500000| Untracked 
|  70|0x0000000084600000, 0x0000000084600000, 0x0000000084700000|  0%| F|  |TAMS 0x0000000084600000, 0x0000000084600000| Untracked 
|  71|0x0000000084700000, 0x0000000084700000, 0x0000000084800000|  0%| F|  |TAMS 0x0000000084700000, 0x0000000084700000| Untracked 
|  72|0x0000000084800000, 0x0000000084800000, 0x0000000084900000|  0%| F|  |TAMS 0x0000000084800000, 0x0000000084800000| Untracked 
|  73|0x0000000084900000, 0x0000000084900000, 0x0000000084a00000|  0%| F|  |TAMS 0x0000000084900000, 0x0000000084900000| Untracked 
|  74|0x0000000084a00000, 0x0000000084a00000, 0x0000000084b00000|  0%| F|  |TAMS 0x0000000084a00000, 0x0000000084a00000| Untracked 
|  75|0x0000000084b00000, 0x0000000084b00000, 0x0000000084c00000|  0%| F|  |TAMS 0x0000000084b00000, 0x0000000084b00000| Untracked 
|  76|0x0000000084c00000, 0x0000000084c00000, 0x0000000084d00000|  0%| F|  |TAMS 0x0000000084c00000, 0x0000000084c00000| Untracked 
|  77|0x0000000084d00000, 0x0000000084d00000, 0x0000000084e00000|  0%| F|  |TAMS 0x0000000084d00000, 0x0000000084d00000| Untracked 
|  78|0x0000000084e00000, 0x0000000084e91c40, 0x0000000084f00000| 56%| S|CS|TAMS 0x0000000084e00000, 0x0000000084e00000| Complete 
|  79|0x0000000084f00000, 0x0000000085000000, 0x0000000085000000|100%| S|CS|TAMS 0x0000000084f00000, 0x0000000084f00000| Complete 
|  80|0x0000000085000000, 0x0000000085100000, 0x0000000085100000|100%| S|CS|TAMS 0x0000000085000000, 0x0000000085000000| Complete 
|  81|0x0000000085100000, 0x0000000085100000, 0x0000000085200000|  0%| F|  |TAMS 0x0000000085100000, 0x0000000085100000| Untracked 
|  82|0x0000000085200000, 0x0000000085200000, 0x0000000085300000|  0%| F|  |TAMS 0x0000000085200000, 0x0000000085200000| Untracked 
|  83|0x0000000085300000, 0x0000000085300000, 0x0000000085400000|  0%| F|  |TAMS 0x0000000085300000, 0x0000000085300000| Untracked 
|  84|0x0000000085400000, 0x0000000085400000, 0x0000000085500000|  0%| F|  |TAMS 0x0000000085400000, 0x0000000085400000| Untracked 
|  85|0x0000000085500000, 0x0000000085500000, 0x0000000085600000|  0%| F|  |TAMS 0x0000000085500000, 0x0000000085500000| Untracked 
|  86|0x0000000085600000, 0x0000000085600000, 0x0000000085700000|  0%| F|  |TAMS 0x0000000085600000, 0x0000000085600000| Untracked 
|  87|0x0000000085700000, 0x0000000085700000, 0x0000000085800000|  0%| F|  |TAMS 0x0000000085700000, 0x0000000085700000| Untracked 
|  88|0x0000000085800000, 0x0000000085800000, 0x0000000085900000|  0%| F|  |TAMS 0x0000000085800000, 0x0000000085800000| Untracked 
|  89|0x0000000085900000, 0x0000000085900000, 0x0000000085a00000|  0%| F|  |TAMS 0x0000000085900000, 0x0000000085900000| Untracked 
|  90|0x0000000085a00000, 0x0000000085a00000, 0x0000000085b00000|  0%| F|  |TAMS 0x0000000085a00000, 0x0000000085a00000| Untracked 
|  91|0x0000000085b00000, 0x0000000085b00000, 0x0000000085c00000|  0%| F|  |TAMS 0x0000000085b00000, 0x0000000085b00000| Untracked 
|  92|0x0000000085c00000, 0x0000000085c00000, 0x0000000085d00000|  0%| F|  |TAMS 0x0000000085c00000, 0x0000000085c00000| Untracked 
|  93|0x0000000085d00000, 0x0000000085d00000, 0x0000000085e00000|  0%| F|  |TAMS 0x0000000085d00000, 0x0000000085d00000| Untracked 
|  94|0x0000000085e00000, 0x0000000085e00000, 0x0000000085f00000|  0%| F|  |TAMS 0x0000000085e00000, 0x0000000085e00000| Untracked 
|  95|0x0000000085f00000, 0x0000000085f00000, 0x0000000086000000|  0%| F|  |TAMS 0x0000000085f00000, 0x0000000085f00000| Untracked 
|  96|0x0000000086000000, 0x0000000086000000, 0x0000000086100000|  0%| F|  |TAMS 0x0000000086000000, 0x0000000086000000| Untracked 
|  97|0x0000000086100000, 0x0000000086100000, 0x0000000086200000|  0%| F|  |TAMS 0x0000000086100000, 0x0000000086100000| Untracked 
|  98|0x0000000086200000, 0x0000000086200000, 0x0000000086300000|  0%| F|  |TAMS 0x0000000086200000, 0x0000000086200000| Untracked 
|  99|0x0000000086300000, 0x0000000086300000, 0x0000000086400000|  0%| F|  |TAMS 0x0000000086300000, 0x0000000086300000| Untracked 
| 100|0x0000000086400000, 0x0000000086400000, 0x0000000086500000|  0%| F|  |TAMS 0x0000000086400000, 0x0000000086400000| Untracked 
| 101|0x0000000086500000, 0x0000000086500000, 0x0000000086600000|  0%| F|  |TAMS 0x0000000086500000, 0x0000000086500000| Untracked 
| 102|0x0000000086600000, 0x0000000086600000, 0x0000000086700000|  0%| F|  |TAMS 0x0000000086600000, 0x0000000086600000| Untracked 
| 103|0x0000000086700000, 0x0000000086700000, 0x0000000086800000|  0%| F|  |TAMS 0x0000000086700000, 0x0000000086700000| Untracked 
| 104|0x0000000086800000, 0x0000000086800000, 0x0000000086900000|  0%| F|  |TAMS 0x0000000086800000, 0x0000000086800000| Untracked 
| 105|0x0000000086900000, 0x0000000086900000, 0x0000000086a00000|  0%| F|  |TAMS 0x0000000086900000, 0x0000000086900000| Untracked 
| 106|0x0000000086a00000, 0x0000000086a00000, 0x0000000086b00000|  0%| F|  |TAMS 0x0000000086a00000, 0x0000000086a00000| Untracked 
| 107|0x0000000086b00000, 0x0000000086b00000, 0x0000000086c00000|  0%| F|  |TAMS 0x0000000086b00000, 0x0000000086b00000| Untracked 
| 108|0x0000000086c00000, 0x0000000086c00000, 0x0000000086d00000|  0%| F|  |TAMS 0x0000000086c00000, 0x0000000086c00000| Untracked 
| 109|0x0000000086d00000, 0x0000000086d00000, 0x0000000086e00000|  0%| F|  |TAMS 0x0000000086d00000, 0x0000000086d00000| Untracked 
| 110|0x0000000086e00000, 0x0000000086e00000, 0x0000000086f00000|  0%| F|  |TAMS 0x0000000086e00000, 0x0000000086e00000| Untracked 
| 111|0x0000000086f00000, 0x0000000086f00000, 0x0000000087000000|  0%| F|  |TAMS 0x0000000086f00000, 0x0000000086f00000| Untracked 
| 112|0x0000000087000000, 0x0000000087000000, 0x0000000087100000|  0%| F|  |TAMS 0x0000000087000000, 0x0000000087000000| Untracked 
| 113|0x0000000087100000, 0x0000000087100000, 0x0000000087200000|  0%| F|  |TAMS 0x0000000087100000, 0x0000000087100000| Untracked 
| 114|0x0000000087200000, 0x0000000087200000, 0x0000000087300000|  0%| F|  |TAMS 0x0000000087200000, 0x0000000087200000| Untracked 
| 115|0x0000000087300000, 0x0000000087300000, 0x0000000087400000|  0%| F|  |TAMS 0x0000000087300000, 0x0000000087300000| Untracked 
| 116|0x0000000087400000, 0x0000000087400000, 0x0000000087500000|  0%| F|  |TAMS 0x0000000087400000, 0x0000000087400000| Untracked 
| 117|0x0000000087500000, 0x0000000087500000, 0x0000000087600000|  0%| F|  |TAMS 0x0000000087500000, 0x0000000087500000| Untracked 
| 118|0x0000000087600000, 0x0000000087600000, 0x0000000087700000|  0%| F|  |TAMS 0x0000000087600000, 0x0000000087600000| Untracked 
| 119|0x0000000087700000, 0x0000000087700000, 0x0000000087800000|  0%| F|  |TAMS 0x0000000087700000, 0x0000000087700000| Untracked 
| 120|0x0000000087800000, 0x0000000087800000, 0x0000000087900000|  0%| F|  |TAMS 0x0000000087800000, 0x0000000087800000| Untracked 
| 121|0x0000000087900000, 0x0000000087900000, 0x0000000087a00000|  0%| F|  |TAMS 0x0000000087900000, 0x0000000087900000| Untracked 
| 122|0x0000000087a00000, 0x0000000087a00000, 0x0000000087b00000|  0%| F|  |TAMS 0x0000000087a00000, 0x0000000087a00000| Untracked 
| 123|0x0000000087b00000, 0x0000000087b00000, 0x0000000087c00000|  0%| F|  |TAMS 0x0000000087b00000, 0x0000000087b00000| Untracked 

Card table byte_map: [0x0000026256b20000,0x0000026256f20000] _byte_map_base: 0x0000026256720000

Marking Bits (Prev, Next): (CMBitMap*) 0x000002623d5ca020, (CMBitMap*) 0x000002623d5c9fe0
 Prev Bits: [0x0000026259320000, 0x000002625b320000)
 Next Bits: [0x0000026257320000, 0x0000026259320000)

Polling page: 0x000002623d6e0000

Metaspace:

Usage:
  Non-class:     58.73 MB used.
      Class:      9.67 MB used.
       Both:     68.40 MB used.

Virtual space:
  Non-class space:       64.00 MB reserved,      59.12 MB ( 92%) committed,  1 nodes.
      Class space:      416.00 MB reserved,      10.06 MB (  2%) committed,  1 nodes.
             Both:      480.00 MB reserved,      69.19 MB ( 14%) committed. 

Chunk freelists:
   Non-Class:  4.69 MB
       Class:  5.97 MB
        Both:  10.66 MB

MaxMetaspaceSize: 512.00 MB
CompressedClassSpaceSize: 416.00 MB
Initial GC threshold: 21.00 MB
Current GC threshold: 108.75 MB
CDS: on
MetaspaceReclaimPolicy: balanced
 - commit_granule_bytes: 65536.
 - commit_granule_words: 8192.
 - virtual_space_node_default_size: 8388608.
 - enlarge_chunks_in_place: 1.
 - new_chunks_are_fully_committed: 0.
 - uncommit_free_chunks: 1.
 - use_allocation_guard: 0.
 - handle_deallocations: 1.


Internal statistics:

num_allocs_failed_limit: 6.
num_arena_births: 1134.
num_arena_deaths: 0.
num_vsnodes_births: 2.
num_vsnodes_deaths: 0.
num_space_committed: 1107.
num_space_uncommitted: 0.
num_chunks_returned_to_freelist: 6.
num_chunks_taken_from_freelist: 4203.
num_chunk_merges: 6.
num_chunk_splits: 2682.
num_chunks_enlarged: 1653.
num_inconsistent_stats: 0.

CodeHeap 'non-profiled nmethods': size=120000Kb used=4506Kb max_used=4506Kb free=115493Kb
 bounds [0x000002624eec0000, 0x000002624f330000, 0x00000262563f0000]
CodeHeap 'profiled nmethods': size=120000Kb used=17054Kb max_used=17054Kb free=102945Kb
 bounds [0x00000262473f0000, 0x00000262484a0000, 0x000002624e920000]
CodeHeap 'non-nmethods': size=5760Kb used=2388Kb max_used=2442Kb free=3371Kb
 bounds [0x000002624e920000, 0x000002624eba0000, 0x000002624eec0000]
 total_blobs=9759 nmethods=8852 adapters=819
 compilation: enabled
              stopped_count=0, restarted_count=0
 full_count=0

Compilation events (20 events):
Event: 665.476 Thread 0x000002625dd5c6c0 9796       3       org.gradle.internal.properties.annotations.AbstractTypeMetadataWalker::lambda$walkChildren$4 (58 bytes)
Event: 665.476 Thread 0x000002625dd5c6c0 nmethod 9796 0x000002624848a410 code [0x000002624848a6c0, 0x000002624848b3d8]
Event: 665.476 Thread 0x000002625dd5c6c0 9797       3       java.net.URLClassLoader::isSealed (72 bytes)
Event: 665.479 Thread 0x000002625dd5c6c0 nmethod 9797 0x000002624848b910 code [0x000002624848bd40, 0x000002624848d998]
Event: 665.479 Thread 0x000002625dd5c6c0 9794       1       org.gradle.internal.properties.annotations.DefaultTypeMetadataStore$DefaultTypeMetadata::getPropertiesMetadata (5 bytes)
Event: 665.479 Thread 0x000002625dd5c6c0 nmethod 9794 0x000002624f326510 code [0x000002624f3266a0, 0x000002624f326778]
Event: 665.485 Thread 0x000002625dd5c6c0 9798       3       com.google.common.collect.RegularImmutableSortedSet::size (8 bytes)
Event: 665.485 Thread 0x000002625dd5c6c0 nmethod 9798 0x000002624848e490 code [0x000002624848e640, 0x000002624848e808]
Event: 665.485 Thread 0x000002625dd5c6c0 9799       3       java.util.TreeSet::isEmpty (10 bytes)
Event: 665.485 Thread 0x000002625dd5c6c0 nmethod 9799 0x000002624848e910 code [0x000002624848eac0, 0x000002624848ec88]
Event: 665.486 Thread 0x000002625dd5c6c0 9801       3       com.google.common.collect.Iterators$ConcatenatedIterator::getTopMetaIterator (64 bytes)
Event: 665.487 Thread 0x000002625dd5c6c0 nmethod 9801 0x000002624848ed90 code [0x000002624848ef80, 0x000002624848f5e8]
Event: 665.487 Thread 0x000002625dd5c6c0 9800       1       org.gradle.api.internal.tasks.TaskStateInternal::getExecuting (5 bytes)
Event: 665.487 Thread 0x000002625dd5c6c0 nmethod 9800 0x000002624f326810 code [0x000002624f3269a0, 0x000002624f326a78]
Event: 665.497 Thread 0x000002625dd5c6c0 9802       3       org.gradle.api.internal.file.collections.UnpackingVisitor::add (367 bytes)
Event: 665.498 Thread 0x000002625dd5c6c0 nmethod 9802 0x000002624848f790 code [0x000002624848fc40, 0x0000026248492ce8]
Event: 665.498 Thread 0x000002625dd5c6c0 9803       3       org.gradle.internal.reflect.JavaPropertyReflectionUtil::resolveMethodReturnType (44 bytes)
Event: 665.500 Thread 0x000002625dd5c6c0 nmethod 9803 0x0000026248493490 code [0x00000262484939a0, 0x00000262484967b8]
Event: 665.500 Thread 0x000002625dd5c6c0 9804       3       java.lang.invoke.MethodHandles$Lookup::newLookup (15 bytes)
Event: 665.500 Thread 0x000002625dd5c6c0 nmethod 9804 0x0000026248497690 code [0x0000026248497840, 0x0000026248497a18]

GC Heap History (20 events):
Event: 660.874 GC heap after
{Heap after GC invocations=16 (full 0):
 garbage-first heap   total 110592K, used 54309K [0x0000000080000000, 0x0000000100000000)
  region size 1024K, 4 young (4096K), 4 survivors (4096K)
 Metaspace       used 55139K, committed 55808K, reserved 491520K
  class space    used 7699K, committed 8000K, reserved 425984K
}
Event: 661.814 GC heap before
{Heap before GC invocations=16 (full 0):
 garbage-first heap   total 110592K, used 89125K [0x0000000080000000, 0x0000000100000000)
  region size 1024K, 38 young (38912K), 4 survivors (4096K)
 Metaspace       used 58342K, committed 59072K, reserved 491520K
  class space    used 8157K, committed 8512K, reserved 425984K
}
Event: 661.828 GC heap after
{Heap after GC invocations=17 (full 0):
 garbage-first heap   total 110592K, used 55929K [0x0000000080000000, 0x0000000100000000)
  region size 1024K, 2 young (2048K), 2 survivors (2048K)
 Metaspace       used 58342K, committed 59072K, reserved 491520K
  class space    used 8157K, committed 8512K, reserved 425984K
}
Event: 662.437 GC heap before
{Heap before GC invocations=18 (full 0):
 garbage-first heap   total 110592K, used 89721K [0x0000000080000000, 0x0000000100000000)
  region size 1024K, 36 young (36864K), 2 survivors (2048K)
 Metaspace       used 60730K, committed 61376K, reserved 491520K
  class space    used 8511K, committed 8832K, reserved 425984K
}
Event: 662.443 GC heap after
{Heap after GC invocations=19 (full 0):
 garbage-first heap   total 110592K, used 56914K [0x0000000080000000, 0x0000000100000000)
  region size 1024K, 3 young (3072K), 3 survivors (3072K)
 Metaspace       used 60730K, committed 61376K, reserved 491520K
  class space    used 8511K, committed 8832K, reserved 425984K
}
Event: 662.501 GC heap before
{Heap before GC invocations=19 (full 0):
 garbage-first heap   total 110592K, used 58962K [0x0000000080000000, 0x0000000100000000)
  region size 1024K, 5 young (5120K), 3 survivors (3072K)
 Metaspace       used 61091K, committed 61888K, reserved 491520K
  class space    used 8564K, committed 8960K, reserved 425984K
}
Event: 662.505 GC heap after
{Heap after GC invocations=20 (full 0):
 garbage-first heap   total 110592K, used 57146K [0x0000000080000000, 0x0000000100000000)
  region size 1024K, 1 young (1024K), 1 survivors (1024K)
 Metaspace       used 61091K, committed 61888K, reserved 491520K
  class space    used 8564K, committed 8960K, reserved 425984K
}
Event: 662.898 GC heap before
{Heap before GC invocations=20 (full 0):
 garbage-first heap   total 110592K, used 81722K [0x0000000080000000, 0x0000000100000000)
  region size 1024K, 26 young (26624K), 1 survivors (1024K)
 Metaspace       used 62965K, committed 63744K, reserved 491520K
  class space    used 8892K, committed 9280K, reserved 425984K
}
Event: 662.903 GC heap after
{Heap after GC invocations=21 (full 0):
 garbage-first heap   total 110592K, used 57658K [0x0000000080000000, 0x0000000100000000)
  region size 1024K, 1 young (1024K), 1 survivors (1024K)
 Metaspace       used 62965K, committed 63744K, reserved 491520K
  class space    used 8892K, committed 9280K, reserved 425984K
}
Event: 663.394 GC heap before
{Heap before GC invocations=22 (full 0):
 garbage-first heap   total 110592K, used 95546K [0x0000000080000000, 0x0000000100000000)
  region size 1024K, 35 young (35840K), 1 survivors (1024K)
 Metaspace       used 64720K, committed 65472K, reserved 491520K
  class space    used 9158K, committed 9536K, reserved 425984K
}
Event: 663.398 GC heap after
{Heap after GC invocations=23 (full 0):
 garbage-first heap   total 110592K, used 62053K [0x0000000080000000, 0x0000000100000000)
  region size 1024K, 3 young (3072K), 3 survivors (3072K)
 Metaspace       used 64720K, committed 65472K, reserved 491520K
  class space    used 9158K, committed 9536K, reserved 425984K
}
Event: 663.441 GC heap before
{Heap before GC invocations=23 (full 0):
 garbage-first heap   total 110592K, used 64101K [0x0000000080000000, 0x0000000100000000)
  region size 1024K, 5 young (5120K), 3 survivors (3072K)
 Metaspace       used 64892K, committed 65664K, reserved 491520K
  class space    used 9189K, committed 9600K, reserved 425984K
}
Event: 663.450 GC heap after
{Heap after GC invocations=24 (full 0):
 garbage-first heap   total 110592K, used 61917K [0x0000000080000000, 0x0000000100000000)
  region size 1024K, 1 young (1024K), 1 survivors (1024K)
 Metaspace       used 64892K, committed 65664K, reserved 491520K
  class space    used 9189K, committed 9600K, reserved 425984K
}
Event: 664.130 GC heap before
{Heap before GC invocations=24 (full 0):
 garbage-first heap   total 110592K, used 92637K [0x0000000080000000, 0x0000000100000000)
  region size 1024K, 31 young (31744K), 1 survivors (1024K)
 Metaspace       used 65980K, committed 66816K, reserved 491520K
  class space    used 9313K, committed 9728K, reserved 425984K
}
Event: 664.134 GC heap after
{Heap after GC invocations=25 (full 0):
 garbage-first heap   total 110592K, used 63621K [0x0000000080000000, 0x0000000100000000)
  region size 1024K, 3 young (3072K), 3 survivors (3072K)
 Metaspace       used 65980K, committed 66816K, reserved 491520K
  class space    used 9313K, committed 9728K, reserved 425984K
}
Event: 664.893 GC heap before
{Heap before GC invocations=26 (full 0):
 garbage-first heap   total 112640K, used 91269K [0x0000000080000000, 0x0000000100000000)
  region size 1024K, 31 young (31744K), 3 survivors (3072K)
 Metaspace       used 68015K, committed 68864K, reserved 491520K
  class space    used 9615K, committed 10048K, reserved 425984K
}
Event: 664.899 GC heap after
{Heap after GC invocations=27 (full 0):
 garbage-first heap   total 112640K, used 65773K [0x0000000080000000, 0x0000000100000000)
  region size 1024K, 4 young (4096K), 4 survivors (4096K)
 Metaspace       used 68015K, committed 68864K, reserved 491520K
  class space    used 9615K, committed 10048K, reserved 425984K
}
Event: 664.909 GC heap before
{Heap before GC invocations=27 (full 0):
 garbage-first heap   total 112640K, used 66797K [0x0000000080000000, 0x0000000100000000)
  region size 1024K, 5 young (5120K), 4 survivors (4096K)
 Metaspace       used 68025K, committed 68864K, reserved 491520K
  class space    used 9616K, committed 10048K, reserved 425984K
}
Event: 664.927 GC heap after
{Heap after GC invocations=28 (full 0):
 garbage-first heap   total 112640K, used 65900K [0x0000000080000000, 0x0000000100000000)
  region size 1024K, 1 young (1024K), 1 survivors (1024K)
 Metaspace       used 68025K, committed 68864K, reserved 491520K
  class space    used 9616K, committed 10048K, reserved 425984K
}
Event: 665.502 GC heap before
{Heap before GC invocations=28 (full 0):
 garbage-first heap   total 112640K, used 94572K [0x0000000080000000, 0x0000000100000000)
  region size 1024K, 29 young (29696K), 1 survivors (1024K)
 Metaspace       used 70044K, committed 70848K, reserved 491520K
  class space    used 9900K, committed 10304K, reserved 425984K
}

Dll operation events (16 events):
Event: 0.020 Loaded shared library C:\Program Files\Microsoft\jdk-17.0.14.7-hotspot\bin\java.dll
Event: 0.049 Loaded shared library C:\Program Files\Microsoft\jdk-17.0.14.7-hotspot\bin\jsvml.dll
Event: 0.128 Loaded shared library C:\Program Files\Microsoft\jdk-17.0.14.7-hotspot\bin\zip.dll
Event: 0.133 Loaded shared library C:\Program Files\Microsoft\jdk-17.0.14.7-hotspot\bin\instrument.dll
Event: 0.138 Loaded shared library C:\Program Files\Microsoft\jdk-17.0.14.7-hotspot\bin\net.dll
Event: 0.140 Loaded shared library C:\Program Files\Microsoft\jdk-17.0.14.7-hotspot\bin\nio.dll
Event: 0.144 Loaded shared library C:\Program Files\Microsoft\jdk-17.0.14.7-hotspot\bin\zip.dll
Event: 0.537 Loaded shared library C:\Program Files\Microsoft\jdk-17.0.14.7-hotspot\bin\jimage.dll
Event: 0.842 Loaded shared library C:\Program Files\Microsoft\jdk-17.0.14.7-hotspot\bin\verify.dll
Event: 1.016 Loaded shared library C:\Users\DELL\.gradle\native\1def1411415f61bf3af743bc5b6707747c0891f09f0c88961ee8f79bc544acac\windows-amd64\native-platform.dll
Event: 1.033 Loaded shared library C:\Users\DELL\.gradle\native\0.2.5\x86_64-windows-gnu\gradle-fileevents.dll
Event: 2.378 Loaded shared library C:\Program Files\Microsoft\jdk-17.0.14.7-hotspot\bin\management.dll
Event: 2.382 Loaded shared library C:\Program Files\Microsoft\jdk-17.0.14.7-hotspot\bin\management_ext.dll
Event: 2.715 Loaded shared library C:\Program Files\Microsoft\jdk-17.0.14.7-hotspot\bin\extnet.dll
Event: 3.082 Loaded shared library C:\Program Files\Microsoft\jdk-17.0.14.7-hotspot\bin\sunmscapi.dll
Event: 3.955 Loaded shared library C:\Users\DELL\AppData\Local\Temp\native-platform5791371481849298023dir\gradle-fileevents.dll

Deoptimization events (20 events):
Event: 665.309 Thread 0x000002627d2ff130 DEOPT PACKING pc=0x000002624f0c1954 sp=0x000000fbcb1f5c80
Event: 665.309 Thread 0x000002627d2ff130 DEOPT UNPACKING pc=0x000002624e97a1a3 sp=0x000000fbcb1f5b70 mode 2
Event: 665.312 Thread 0x000002627d2ff130 Uncommon trap: trap_request=0xffffff45 fr.pc=0x000002624ef4947c relative=0x000000000000015c
Event: 665.312 Thread 0x000002627d2ff130 Uncommon trap: reason=unstable_if action=reinterpret pc=0x000002624ef4947c method=java.util.stream.AbstractPipeline.evaluate(Ljava/util/stream/TerminalOp;)Ljava/lang/Object; @ 53 c2
Event: 665.312 Thread 0x000002627d2ff130 DEOPT PACKING pc=0x000002624ef4947c sp=0x000000fbcb1f5d80
Event: 665.312 Thread 0x000002627d2ff130 DEOPT UNPACKING pc=0x000002624e97a1a3 sp=0x000000fbcb1f5d40 mode 2
Event: 665.312 Thread 0x000002627d2ff130 Uncommon trap: trap_request=0xffffff45 fr.pc=0x000002624efbf704 relative=0x0000000000000104
Event: 665.315 Thread 0x000002627d2ff130 Uncommon trap: reason=unstable_if action=reinterpret pc=0x000002624efbf704 method=java.util.stream.AbstractPipeline.sourceSpliterator(I)Ljava/util/Spliterator; @ 82 c2
Event: 665.315 Thread 0x000002627d2ff130 DEOPT PACKING pc=0x000002624efbf704 sp=0x000000fbcb1f5d00
Event: 665.315 Thread 0x000002627d2ff130 DEOPT UNPACKING pc=0x000002624e97a1a3 sp=0x000000fbcb1f5c90 mode 2
Event: 665.323 Thread 0x0000026200797050 Uncommon trap: trap_request=0xffffff45 fr.pc=0x000002624f1f5758 relative=0x0000000000000218
Event: 665.323 Thread 0x0000026200797050 Uncommon trap: reason=unstable_if action=reinterpret pc=0x000002624f1f5758 method=java.lang.ThreadLocal.get()Ljava/lang/Object; @ 11 c2
Event: 665.323 Thread 0x0000026200797050 DEOPT PACKING pc=0x000002624f1f5758 sp=0x000000fbcdafe980
Event: 665.323 Thread 0x0000026200797050 DEOPT UNPACKING pc=0x000002624e97a1a3 sp=0x000000fbcdafe908 mode 2
Event: 665.382 Thread 0x000002627d2ff130 DEOPT PACKING pc=0x0000026247965a25 sp=0x000000fbcb1f61a0
Event: 665.382 Thread 0x000002627d2ff130 DEOPT UNPACKING pc=0x000002624e97ace3 sp=0x000000fbcb1f5740 mode 0
Event: 665.436 Thread 0x000002627d2ff130 Uncommon trap: trap_request=0xffffffc6 fr.pc=0x000002624eecfbb0 relative=0x0000000000000190
Event: 665.436 Thread 0x000002627d2ff130 Uncommon trap: reason=bimorphic_or_optimized_type_check action=maybe_recompile pc=0x000002624eecfbb0 method=java.util.stream.StreamOpFlag.fromCharacteristics(Ljava/util/Spliterator;)I @ 14 c2
Event: 665.436 Thread 0x000002627d2ff130 DEOPT PACKING pc=0x000002624eecfbb0 sp=0x000000fbcb1f5db0
Event: 665.436 Thread 0x000002627d2ff130 DEOPT UNPACKING pc=0x000002624e97a1a3 sp=0x000000fbcb1f5c98 mode 2

Classes loaded (20 events):
Event: 665.177 Loading class java/util/Stack
Event: 665.177 Loading class java/util/Stack done
Event: 665.193 Loading class org/xml/sax/ContentHandler
Event: 665.193 Loading class org/xml/sax/ContentHandler done
Event: 665.193 Loading class org/xml/sax/EntityResolver
Event: 665.193 Loading class org/xml/sax/EntityResolver done
Event: 665.193 Loading class org/xml/sax/DTDHandler
Event: 665.193 Loading class org/xml/sax/DTDHandler done
Event: 665.206 Loading class java/util/Spliterators$IntArraySpliterator
Event: 665.206 Loading class java/util/Spliterators$IntArraySpliterator done
Event: 665.210 Loading class java/text/ParsePosition
Event: 665.210 Loading class java/text/ParsePosition done
Event: 665.220 Loading class java/text/CharacterIterator
Event: 665.221 Loading class java/text/CharacterIterator done
Event: 665.272 Loading class jdk/internal/reflect/UnsafeObjectFieldAccessorImpl
Event: 665.272 Loading class jdk/internal/reflect/UnsafeObjectFieldAccessorImpl done
Event: 665.308 Loading class java/util/stream/ReferencePipeline$15
Event: 665.309 Loading class java/util/stream/ReferencePipeline$15 done
Event: 665.322 Loading class java/util/stream/ReferencePipeline$15$1
Event: 665.322 Loading class java/util/stream/ReferencePipeline$15$1 done

Classes unloaded (0 events):
No events

Classes redefined (0 events):
No events

Internal exceptions (20 events):
Event: 665.147 Thread 0x000002627d2ff130 Exception <a 'java/lang/ClassNotFoundException'{0x00000000860df6a0}: org/gradle/api/internal/project/DefaultProject_DecoratedCustomizer> (0x00000000860df6a0) 
thrown [s\src\hotspot\share\classfile\systemDictionary.cpp, line 256]
Event: 665.194 Thread 0x000002627d2ff130 Exception <a 'java/lang/IncompatibleClassChangeError'{0x0000000085e91b80}: Found class java.lang.Object, but interface was expected> (0x0000000085e91b80) 
thrown [s\src\hotspot\share\interpreter\linkResolver.cpp, line 826]
Event: 665.239 Thread 0x000002627d2ff130 Exception <a 'java/lang/ClassNotFoundException'{0x0000000085c640a8}: org/gradle/api/internal/project/DefaultAntBuilderBeanInfo> (0x0000000085c640a8) 
thrown [s\src\hotspot\share\classfile\systemDictionary.cpp, line 256]
Event: 665.239 Thread 0x000002627d2ff130 Exception <a 'java/lang/ClassNotFoundException'{0x0000000085c72cb8}: org/gradle/api/internal/project/ant/BasicAntBuilderBeanInfo> (0x0000000085c72cb8) 
thrown [s\src\hotspot\share\classfile\systemDictionary.cpp, line 256]
Event: 665.240 Thread 0x000002627d2ff130 Exception <a 'java/lang/ClassNotFoundException'{0x0000000085c81270}: org/gradle/api/AntBuilderBeanInfo> (0x0000000085c81270) 
thrown [s\src\hotspot\share\classfile\systemDictionary.cpp, line 256]
Event: 665.241 Thread 0x000002627d2ff130 Exception <a 'java/lang/ClassNotFoundException'{0x0000000085c90a38}: groovy/ant/AntBuilderBeanInfo> (0x0000000085c90a38) 
thrown [s\src\hotspot\share\classfile\systemDictionary.cpp, line 256]
Event: 665.242 Thread 0x000002627d2ff130 Exception <a 'java/lang/ClassNotFoundException'{0x0000000085cd4a00}: groovy/util/BuilderSupportBeanInfo> (0x0000000085cd4a00) 
thrown [s\src\hotspot\share\classfile\systemDictionary.cpp, line 256]
Event: 665.243 Thread 0x000002627d2ff130 Exception <a 'java/lang/ClassNotFoundException'{0x0000000085b18c00}: groovy/util/BuilderSupportCustomizer> (0x0000000085b18c00) 
thrown [s\src\hotspot\share\classfile\systemDictionary.cpp, line 256]
Event: 665.244 Thread 0x000002627d2ff130 Exception <a 'java/lang/ClassNotFoundException'{0x0000000085b2ab30}: groovy/ant/AntBuilderCustomizer> (0x0000000085b2ab30) 
thrown [s\src\hotspot\share\classfile\systemDictionary.cpp, line 256]
Event: 665.245 Thread 0x000002627d2ff130 Exception <a 'java/lang/ClassNotFoundException'{0x0000000085b3daa0}: org/gradle/api/AntBuilderCustomizer> (0x0000000085b3daa0) 
thrown [s\src\hotspot\share\classfile\systemDictionary.cpp, line 256]
Event: 665.246 Thread 0x000002627d2ff130 Exception <a 'java/lang/ClassNotFoundException'{0x0000000085b57830}: org/gradle/api/internal/project/ant/BasicAntBuilderCustomizer> (0x0000000085b57830) 
thrown [s\src\hotspot\share\classfile\systemDictionary.cpp, line 256]
Event: 665.247 Thread 0x000002627d2ff130 Exception <a 'java/lang/ClassNotFoundException'{0x0000000085b78dd0}: org/gradle/api/internal/project/DefaultAntBuilderCustomizer> (0x0000000085b78dd0) 
thrown [s\src\hotspot\share\classfile\systemDictionary.cpp, line 256]
Event: 665.293 Thread 0x000002627d2ff130 Implicit null exception at 0x000002624f0b974b to 0x000002624f0b9770
Event: 665.293 Thread 0x000002627d2ff130 Implicit null exception at 0x000002624f02d373 to 0x000002624f02ddd8
Event: 665.299 Thread 0x000002627d2ff130 Exception <a 'java/lang/NoSuchMethodError'{0x0000000085955848}: 'java.lang.Object java.lang.invoke.DirectMethodHandle$Holder.newInvokeSpecial(java.lang.Object, java.lang.Object, java.lang.Object, java.lang.Object, java.lang.Object, java.lang.Object, int)'> (0x0000000085955848) 
thrown [s\src\hotspot\share\interpreter\linkResolver.cpp, line 759]
Event: 665.299 Thread 0x000002627d2ff130 Exception <a 'java/lang/NoSuchMethodError'{0x000000008595b7a0}: 'java.lang.Object java.lang.invoke.DirectMethodHandle$Holder.invokeSpecial(java.lang.Object, java.lang.Object, java.lang.Object, java.lang.Object, java.lang.Object, java.lang.Object, java.lang.Object, int)'> (0x000000008595b7a0) 
thrown [s\src\hotspot\share\interpreter\linkResolver.cpp, line 759]
Event: 665.300 Thread 0x000002627d2ff130 Exception <a 'java/lang/NoSuchMethodError'{0x00000000859610c8}: 'java.lang.Object java.lang.invoke.Invokers$Holder.linkToTargetMethod(java.lang.Object, java.lang.Object, java.lang.Object, java.lang.Object, java.lang.Object, int, java.lang.Object)'> (0x00000000859610c8) 
thrown [s\src\hotspot\share\interpreter\linkResolver.cpp, line 759]
Event: 665.323 Thread 0x0000026200797050 Implicit null exception at 0x000002624f1f5583 to 0x000002624f1f5744
Event: 665.377 Thread 0x000002627d2ff130 Exception <a 'java/lang/NoSuchMethodError'{0x0000000085652a68}: 'int java.lang.invoke.DirectMethodHandle$Holder.invokeSpecialIFC(java.lang.Object, java.lang.Object, java.lang.Object, java.lang.Object, java.lang.Object)'> (0x0000000085652a68) 
thrown [s\src\hotspot\share\interpreter\linkResolver.cpp, line 759]
Event: 665.456 Thread 0x000002627d2ff130 Exception <a 'java/lang/IncompatibleClassChangeError'{0x000000008538fc90}: Found class java.lang.Object, but interface was expected> (0x000000008538fc90) 
thrown [s\src\hotspot\share\interpreter\linkResolver.cpp, line 826]

VM Operations (20 events):
Event: 663.450 Executing VM operation: G1CollectForAllocation done
Event: 663.745 Executing VM operation: ICBufferFull
Event: 663.745 Executing VM operation: ICBufferFull done
Event: 664.130 Executing VM operation: G1CollectForAllocation
Event: 664.134 Executing VM operation: G1CollectForAllocation done
Event: 664.189 Executing VM operation: G1PauseRemark
Event: 664.196 Executing VM operation: G1PauseRemark done
Event: 664.220 Executing VM operation: G1PauseCleanup
Event: 664.221 Executing VM operation: G1PauseCleanup done
Event: 664.578 Executing VM operation: HandshakeAllThreads
Event: 664.578 Executing VM operation: HandshakeAllThreads done
Event: 664.733 Executing VM operation: ICBufferFull
Event: 664.734 Executing VM operation: ICBufferFull done
Event: 664.893 Executing VM operation: G1CollectForAllocation
Event: 664.899 Executing VM operation: G1CollectForAllocation done
Event: 664.909 Executing VM operation: G1CollectForAllocation
Event: 664.927 Executing VM operation: G1CollectForAllocation done
Event: 665.397 Executing VM operation: ICBufferFull
Event: 665.397 Executing VM operation: ICBufferFull done
Event: 665.502 Executing VM operation: G1CollectForAllocation

Memory protections (0 events):
No events

Nmethod flushes (20 events):
Event: 11.839 Thread 0x000002625dd639d0 flushing  nmethod 0x0000026247c54c90
Event: 11.839 Thread 0x000002625dd639d0 flushing  nmethod 0x0000026247c55e90
Event: 11.839 Thread 0x000002625dd639d0 flushing  nmethod 0x0000026247c5cc10
Event: 11.839 Thread 0x000002625dd639d0 flushing  nmethod 0x0000026247c5d310
Event: 11.839 Thread 0x000002625dd639d0 flushing  nmethod 0x0000026247c5e490
Event: 11.839 Thread 0x000002625dd639d0 flushing  nmethod 0x0000026247c5f590
Event: 11.839 Thread 0x000002625dd639d0 flushing  nmethod 0x0000026247c61390
Event: 11.839 Thread 0x000002625dd639d0 flushing  nmethod 0x0000026247c6b390
Event: 11.839 Thread 0x000002625dd639d0 flushing  nmethod 0x0000026247c7ca10
Event: 11.839 Thread 0x000002625dd639d0 flushing  nmethod 0x0000026247c86790
Event: 11.839 Thread 0x000002625dd639d0 flushing  nmethod 0x0000026247ce4990
Event: 11.839 Thread 0x000002625dd639d0 flushing  nmethod 0x0000026247d98510
Event: 11.839 Thread 0x000002625dd639d0 flushing  nmethod 0x0000026247da7f10
Event: 11.839 Thread 0x000002625dd639d0 flushing  nmethod 0x0000026247da8790
Event: 11.839 Thread 0x000002625dd639d0 flushing  nmethod 0x0000026247da8a90
Event: 663.236 Thread 0x000002625dd639d0 flushing  nmethod 0x000002624f035e90
Event: 663.239 Thread 0x000002625dd639d0 flushing  nmethod 0x00000262478f5710
Event: 663.240 Thread 0x000002625dd639d0 flushing  nmethod 0x0000026247989190
Event: 663.240 Thread 0x000002625dd639d0 flushing  nmethod 0x0000026247989a90
Event: 663.241 Thread 0x000002625dd639d0 flushing  nmethod 0x0000026247b7d190

Events (20 events):
Event: 659.944 Thread 0x000002627d2ff130 Thread added: 0x000002627d2fcdc0
Event: 659.946 Thread 0x000002627d2ff130 Thread added: 0x000002627d2faa50
Event: 659.947 Thread 0x000002627d2ff130 Thread added: 0x000002627d2f9b20
Event: 659.947 Thread 0x000002627d2ff130 Thread added: 0x0000026200793390
Event: 660.042 Thread 0x000002627d2ff130 Thread added: 0x0000026200795700
Event: 660.044 Thread 0x000002627d2ff130 Thread added: 0x0000026200797f80
Event: 660.047 Thread 0x000002627d2ff130 Thread added: 0x0000026200794ce0
Event: 660.049 Thread 0x000002627d2ff130 Thread added: 0x00000262007989a0
Event: 660.050 Thread 0x000002627d2ff130 Thread added: 0x0000026200795c10
Event: 660.051 Thread 0x000002627d2ff130 Thread added: 0x0000026200798eb0
Event: 660.053 Thread 0x000002627d2ff130 Thread added: 0x00000262007998d0
Event: 661.569 Thread 0x000002627d2ff130 Thread added: 0x0000026200793db0
Event: 662.549 Thread 0x000002627d2ff130 Thread added: 0x0000026200796630
Event: 665.322 Thread 0x000002627d2ff130 Thread added: 0x0000026200797050
Event: 665.323 Thread 0x0000026200797050 Thread added: 0x0000026200799de0
Event: 665.323 Thread 0x0000026200797050 Thread added: 0x0000026200792970
Event: 665.323 Thread 0x0000026200799de0 Thread added: 0x000002620079a2f0
Event: 665.324 Thread 0x0000026200792970 Thread added: 0x000002627eb23330
Event: 665.324 Thread 0x0000026200799de0 Thread added: 0x000002627eb24770
Event: 665.325 Thread 0x000002627eb24770 Thread added: 0x000002627eb256a0


Dynamic libraries:
0x00007ff74e720000 - 0x00007ff74e72e000 	C:\Program Files\Microsoft\jdk-17.0.14.7-hotspot\bin\java.exe
0x00007ffa81830000 - 0x00007ffa81a47000 	C:\WINDOWS\SYSTEM32\ntdll.dll
0x00007ffa7fce0000 - 0x00007ffa7fda4000 	C:\WINDOWS\System32\KERNEL32.DLL
0x00007ffa7ede0000 - 0x00007ffa7f1b3000 	C:\WINDOWS\System32\KERNELBASE.dll
0x00007ffa7eba0000 - 0x00007ffa7ecb1000 	C:\WINDOWS\System32\ucrtbase.dll
0x00007ffa5be40000 - 0x00007ffa5be5d000 	C:\Program Files\Microsoft\jdk-17.0.14.7-hotspot\bin\VCRUNTIME140.dll
0x00007ffa5c810000 - 0x00007ffa5c827000 	C:\Program Files\Microsoft\jdk-17.0.14.7-hotspot\bin\jli.dll
0x00007ffa65700000 - 0x00007ffa65998000 	C:\WINDOWS\WinSxS\amd64_microsoft.windows.common-controls_6595b64144ccf1df_6.0.22621.5124_none_270e8f4f7386d69d\COMCTL32.dll
0x00007ffa81130000 - 0x00007ffa812e1000 	C:\WINDOWS\System32\USER32.dll
0x00007ffa7fc30000 - 0x00007ffa7fcd7000 	C:\WINDOWS\System32\msvcrt.dll
0x00007ffa7ea30000 - 0x00007ffa7ea56000 	C:\WINDOWS\System32\win32u.dll
0x00007ffa80f70000 - 0x00007ffa80f99000 	C:\WINDOWS\System32\GDI32.dll
0x00007ffa7ecc0000 - 0x00007ffa7eddb000 	C:\WINDOWS\System32\gdi32full.dll
0x00007ffa7f240000 - 0x00007ffa7f2da000 	C:\WINDOWS\System32\msvcp_win.dll
0x00007ffa81520000 - 0x00007ffa81551000 	C:\WINDOWS\System32\IMM32.DLL
0x00007ffa635c0000 - 0x00007ffa635cc000 	C:\Program Files\Microsoft\jdk-17.0.14.7-hotspot\bin\vcruntime140_1.dll
0x00007ffa2c3f0000 - 0x00007ffa2c47d000 	C:\Program Files\Microsoft\jdk-17.0.14.7-hotspot\bin\msvcp140.dll
0x00007ff9cb860000 - 0x00007ff9cc4d2000 	C:\Program Files\Microsoft\jdk-17.0.14.7-hotspot\bin\server\jvm.dll
0x00007ffa81730000 - 0x00007ffa817e1000 	C:\WINDOWS\System32\ADVAPI32.dll
0x00007ffa7fb80000 - 0x00007ffa7fc28000 	C:\WINDOWS\System32\sechost.dll
0x00007ffa7ea00000 - 0x00007ffa7ea28000 	C:\WINDOWS\System32\bcrypt.dll
0x00007ffa7fdd0000 - 0x00007ffa7fee4000 	C:\WINDOWS\System32\RPCRT4.dll
0x00007ffa81560000 - 0x00007ffa815d1000 	C:\WINDOWS\System32\WS2_32.dll
0x00007ffa7d790000 - 0x00007ffa7d7dd000 	C:\WINDOWS\SYSTEM32\POWRPROF.dll
0x00007ffa76ed0000 - 0x00007ffa76f04000 	C:\WINDOWS\SYSTEM32\WINMM.dll
0x00007ffa6c460000 - 0x00007ffa6c46a000 	C:\WINDOWS\SYSTEM32\VERSION.dll
0x00007ffa7d760000 - 0x00007ffa7d773000 	C:\WINDOWS\SYSTEM32\UMPDC.dll
0x00007ffa7da30000 - 0x00007ffa7da48000 	C:\WINDOWS\SYSTEM32\kernel.appcore.dll
0x00007ffa61a50000 - 0x00007ffa61a5a000 	C:\Program Files\Microsoft\jdk-17.0.14.7-hotspot\bin\jimage.dll
0x00007ffa7c030000 - 0x00007ffa7c262000 	C:\WINDOWS\SYSTEM32\DBGHELP.DLL
0x00007ffa800b0000 - 0x00007ffa80442000 	C:\WINDOWS\System32\combase.dll
0x00007ffa815e0000 - 0x00007ffa816b7000 	C:\WINDOWS\System32\OLEAUT32.dll
0x00007ffa76e90000 - 0x00007ffa76ec2000 	C:\WINDOWS\SYSTEM32\dbgcore.DLL
0x00007ffa7f450000 - 0x00007ffa7f4cb000 	C:\WINDOWS\System32\bcryptPrimitives.dll
0x00007ffa5c640000 - 0x00007ffa5c64e000 	C:\Program Files\Microsoft\jdk-17.0.14.7-hotspot\bin\instrument.dll
0x00007ffa5bdf0000 - 0x00007ffa5be15000 	C:\Program Files\Microsoft\jdk-17.0.14.7-hotspot\bin\java.dll
0x00007ffa2b5f0000 - 0x00007ffa2b6c7000 	C:\Program Files\Microsoft\jdk-17.0.14.7-hotspot\bin\jsvml.dll
0x00007ffa80450000 - 0x00007ffa80ce6000 	C:\WINDOWS\System32\SHELL32.dll
0x00007ffa7ea60000 - 0x00007ffa7eb9f000 	C:\WINDOWS\System32\wintypes.dll
0x00007ffa7c810000 - 0x00007ffa7d12a000 	C:\WINDOWS\SYSTEM32\windows.storage.dll
0x00007ffa7fef0000 - 0x00007ffa7fffa000 	C:\WINDOWS\System32\SHCORE.dll
0x00007ffa80fb0000 - 0x00007ffa81013000 	C:\WINDOWS\System32\shlwapi.dll
0x00007ffa7e870000 - 0x00007ffa7e89b000 	C:\WINDOWS\SYSTEM32\profapi.dll
0x00007ffa5a250000 - 0x00007ffa5a268000 	C:\Program Files\Microsoft\jdk-17.0.14.7-hotspot\bin\zip.dll
0x00007ffa5b040000 - 0x00007ffa5b05a000 	C:\Program Files\Microsoft\jdk-17.0.14.7-hotspot\bin\net.dll
0x00007ffa73df0000 - 0x00007ffa73f1c000 	C:\WINDOWS\SYSTEM32\WINHTTP.dll
0x00007ffa7dee0000 - 0x00007ffa7df4a000 	C:\WINDOWS\system32\mswsock.dll
0x00007ffa5a670000 - 0x00007ffa5a686000 	C:\Program Files\Microsoft\jdk-17.0.14.7-hotspot\bin\nio.dll
0x00007ffa617f0000 - 0x00007ffa61800000 	C:\Program Files\Microsoft\jdk-17.0.14.7-hotspot\bin\verify.dll
0x00007ffa56d10000 - 0x00007ffa56d37000 	C:\Users\DELL\.gradle\native\1def1411415f61bf3af743bc5b6707747c0891f09f0c88961ee8f79bc544acac\windows-amd64\native-platform.dll
0x0000000076260000 - 0x00000000762d3000 	C:\Users\DELL\.gradle\native\0.2.5\x86_64-windows-gnu\gradle-fileevents.dll
0x00007ffa611e0000 - 0x00007ffa611ea000 	C:\Program Files\Microsoft\jdk-17.0.14.7-hotspot\bin\management.dll
0x00007ffa5ff60000 - 0x00007ffa5ff6b000 	C:\Program Files\Microsoft\jdk-17.0.14.7-hotspot\bin\management_ext.dll
0x00007ffa80fa0000 - 0x00007ffa80fa8000 	C:\WINDOWS\System32\PSAPI.DLL
0x00007ffa7e130000 - 0x00007ffa7e14b000 	C:\WINDOWS\SYSTEM32\CRYPTSP.dll
0x00007ffa7d990000 - 0x00007ffa7d9c7000 	C:\WINDOWS\system32\rsaenh.dll
0x00007ffa7dfd0000 - 0x00007ffa7dff8000 	C:\WINDOWS\SYSTEM32\USERENV.dll
0x00007ffa7e150000 - 0x00007ffa7e15c000 	C:\WINDOWS\SYSTEM32\CRYPTBASE.dll
0x00007ffa7d410000 - 0x00007ffa7d43d000 	C:\WINDOWS\SYSTEM32\IPHLPAPI.DLL
0x00007ffa800a0000 - 0x00007ffa800a9000 	C:\WINDOWS\System32\NSI.dll
0x00007ffa73ba0000 - 0x00007ffa73bb9000 	C:\WINDOWS\SYSTEM32\dhcpcsvc6.DLL
0x00007ffa73b80000 - 0x00007ffa73b9f000 	C:\WINDOWS\SYSTEM32\dhcpcsvc.DLL
0x00007ffa7d440000 - 0x00007ffa7d542000 	C:\WINDOWS\SYSTEM32\DNSAPI.dll
0x00007ffa5e0b0000 - 0x00007ffa5e0b9000 	C:\Program Files\Microsoft\jdk-17.0.14.7-hotspot\bin\extnet.dll
0x00007ffa5c8e0000 - 0x00007ffa5c8ee000 	C:\Program Files\Microsoft\jdk-17.0.14.7-hotspot\bin\sunmscapi.dll
0x00007ffa7f2e0000 - 0x00007ffa7f447000 	C:\WINDOWS\System32\CRYPT32.dll
0x00007ffa7e2d0000 - 0x00007ffa7e2fd000 	C:\WINDOWS\SYSTEM32\ncrypt.dll
0x00007ffa7e290000 - 0x00007ffa7e2c7000 	C:\WINDOWS\SYSTEM32\NTASN1.dll
0x00007ffa58b90000 - 0x00007ffa58b98000 	C:\WINDOWS\system32\wshunix.dll
0x00000000761e0000 - 0x0000000076253000 	C:\Users\DELL\AppData\Local\Temp\native-platform5791371481849298023dir\gradle-fileevents.dll
0x00007ffa47750000 - 0x00007ffa47767000 	C:\WINDOWS\system32\napinsp.dll
0x00007ffa475b0000 - 0x00007ffa475cb000 	C:\WINDOWS\system32\pnrpnsp.dll
0x00007ffa47540000 - 0x00007ffa47551000 	C:\WINDOWS\System32\winrnr.dll
0x00007ffa6cbc0000 - 0x00007ffa6cbd5000 	C:\WINDOWS\system32\wshbth.dll
0x00007ffa473b0000 - 0x00007ffa473d7000 	C:\WINDOWS\system32\nlansp_c.dll
0x00007ffa73a80000 - 0x00007ffa73a8a000 	C:\Windows\System32\rasadhlp.dll
0x00007ffa6cb30000 - 0x00007ffa6cbb3000 	C:\WINDOWS\System32\fwpuclnt.dll

dbghelp: loaded successfully - version: 4.0.5 - missing functions: none
symbol engine: initialized successfully - sym options: 0x614 - pdb path: .;C:\Program Files\Microsoft\jdk-17.0.14.7-hotspot\bin;C:\WINDOWS\SYSTEM32;C:\WINDOWS\WinSxS\amd64_microsoft.windows.common-controls_6595b64144ccf1df_6.0.22621.5124_none_270e8f4f7386d69d;C:\Program Files\Microsoft\jdk-17.0.14.7-hotspot\bin\server;C:\Users\DELL\.gradle\native\1def1411415f61bf3af743bc5b6707747c0891f09f0c88961ee8f79bc544acac\windows-amd64;C:\Users\DELL\.gradle\native\0.2.5\x86_64-windows-gnu;C:\Users\DELL\AppData\Local\Temp\native-platform5791371481849298023dir

VM Arguments:
jvm_args: --add-opens=java.base/java.lang=ALL-UNNAMED --add-opens=java.base/java.lang.invoke=ALL-UNNAMED --add-opens=java.base/java.util=ALL-UNNAMED --add-opens=java.prefs/java.util.prefs=ALL-UNNAMED --add-exports=jdk.compiler/com.sun.tools.javac.api=ALL-UNNAMED --add-exports=jdk.compiler/com.sun.tools.javac.util=ALL-UNNAMED --add-opens=java.base/java.util=ALL-UNNAMED --add-opens=java.prefs/java.util.prefs=ALL-UNNAMED --add-opens=java.base/java.nio.charset=ALL-UNNAMED --add-opens=java.base/java.net=ALL-UNNAMED --add-opens=java.base/java.util.concurrent.atomic=ALL-UNNAMED --add-opens=java.xml/javax.xml.namespace=ALL-UNNAMED -XX:MaxMetaspaceSize=512m -Xmx2048m -Dfile.encoding=windows-1252 -Duser.country=IN -Duser.language=en -Duser.variant -javaagent:C:\Users\DELL\.gradle\wrapper\dists\gradle-8.12-all\ejduaidbjup3bmmkhw3rie4zb\gradle-8.12\lib\agents\gradle-instrumentation-agent-8.12.jar 
java_command: org.gradle.launcher.daemon.bootstrap.GradleDaemon 8.12
java_class_path (initial): C:\Users\DELL\.gradle\wrapper\dists\gradle-8.12-all\ejduaidbjup3bmmkhw3rie4zb\gradle-8.12\lib\gradle-daemon-main-8.12.jar
Launcher Type: SUN_STANDARD

[Global flags]
     intx CICompilerCount                          = 4                                         {product} {ergonomic}
   size_t CompressedClassSpaceSize                 = 436207616                                 {product} {ergonomic}
     uint ConcGCThreads                            = 2                                         {product} {ergonomic}
     uint G1ConcRefinementThreads                  = 8                                         {product} {ergonomic}
   size_t G1HeapRegionSize                         = 1048576                                   {product} {ergonomic}
    uintx GCDrainStackTargetSize                   = 64                                        {product} {ergonomic}
   size_t InitialHeapSize                          = 130023424                                 {product} {ergonomic}
   size_t MarkStackSize                            = 4194304                                   {product} {ergonomic}
   size_t MaxHeapSize                              = 2147483648                                {product} {command line}
   size_t MaxMetaspaceSize                         = 536870912                                 {product} {command line}
   size_t MaxNewSize                               = 1287651328                                {product} {ergonomic}
   size_t MinHeapDeltaBytes                        = 1048576                                   {product} {ergonomic}
   size_t MinHeapSize                              = 8388608                                   {product} {ergonomic}
    uintx NonNMethodCodeHeapSize                   = 5839372                                {pd product} {ergonomic}
    uintx NonProfiledCodeHeapSize                  = 122909434                              {pd product} {ergonomic}
    uintx ProfiledCodeHeapSize                     = 122909434                              {pd product} {ergonomic}
    uintx ReservedCodeCacheSize                    = 251658240                              {pd product} {ergonomic}
     bool SegmentedCodeCache                       = true                                      {product} {ergonomic}
   size_t SoftMaxHeapSize                          = 2147483648                             {manageable} {ergonomic}
     bool UseCompressedClassPointers               = true                           {product lp64_product} {ergonomic}
     bool UseCompressedOops                        = true                           {product lp64_product} {ergonomic}
     bool UseG1GC                                  = true                                      {product} {ergonomic}
     bool UseLargePagesIndividualAllocation        = false                                  {pd product} {ergonomic}

Logging:
Log output configuration:
 #0: stdout all=warning uptime,level,tags
 #1: stderr all=off uptime,level,tags

Environment Variables:
JAVA_HOME=C:\Program Files\Microsoft\jdk-17.0.14.7-hotspot\
CLASSPATH=D:\AwesomeProject\android\\gradle\wrapper\gradle-wrapper.jar
PATH=D:\AwesomeProject\node_modules\.bin;D:\node_modules\.bin;C:\Program Files\nodejs\node_modules\npm\node_modules\@npmcli\run-script\lib\node-gyp-bin;C:\Program Files\Microsoft\jdk-17.0.14.7-hotspot\bin;C:\app\DELL\product\21c\dbhomeXE\bin;C:\Python311\Scripts\;C:\Python311\;C:\Windows\system32;C:\Windows;C:\Windows\System32\Wbem;C:\Windows\System32\WindowsPowerShell\v1.0\;C:\Windows\System32\OpenSSH\;C:\Program Files\NVIDIA Corporation\NVIDIA NvDLISR;C:\Program Files (x86)\NVIDIA Corporation\PhysX\Common;C:\WINDOWS\system32;C:\WINDOWS;C:\WINDOWS\System32\Wbem;C:\WINDOWS\System32\WindowsPowerShell\v1.0\;C:\WINDOWS\System32\OpenSSH\;C:\MinGW\bin;C:\Program Files\Microsoft\jdk-17.0.14.7-hotspot\\bin;D:\java\Code\practise;D:\java\Code\practise;C:\ProgramData\chocolatey\bin;D:\PA\code;C:\Program Files\MongoDB\bin;D:\ADI\code;C:\Program Files\Git\cmd;C:\Program Files\nodejs\;C:\Program Files\MySQL\MySQL Shell 8.0\bin\;D:\mysql\bin\;C:\Users\DELL\AppData\Local\Microsoft\WindowsApps;C:\Users\DELL\AppData\Local\Programs\Microsoft VS Code\bin;C:\Users\DELL\AppData\Local\Programs\mongosh\;C:\Users\DELL\AppData\Roaming\npm;C:\Users\DELL\AppData\Local\Android\Sdk\platform-tools;D:\Download\curl-8.12.1_4-win64-mingw\bin;C:\Program Files\MongoDB\Server\8.0\bin;
USERNAME=DELL
LANG=en_US.UTF-8
OS=Windows_NT
PROCESSOR_IDENTIFIER=Intel64 Family 6 Model 140 Stepping 1, GenuineIntel
TMP=C:\Users\DELL\AppData\Local\Temp
TEMP=C:\Users\DELL\AppData\Local\Temp



Periodic native trim disabled


---------------  S Y S T E M  ---------------

OS:
 Windows 11 , 64 bit Build 22621 (10.0.22621.5124)
OS uptime: 1 days 2:15 hours
Hyper-V role detected

CPU: total 8 (initial active 8) (4 cores per cpu, 2 threads per core) family 6 model 140 stepping 1 microcode 0xb8, cx8, cmov, fxsr, ht, mmx, 3dnowpref, sse, sse2, sse3, ssse3, sse4.1, sse4.2, popcnt, lzcnt, tsc, tscinvbit, avx, avx2, aes, erms, clmul, bmi1, bmi2, adx, avx512f, avx512dq, avx512cd, avx512bw, avx512vl, sha, fma, vzeroupper, avx512_vpopcntdq, avx512_vpclmulqdq, avx512_vaes, avx512_vnni, clflush, clflushopt, clwb, avx512_vbmi2, avx512_vbmi, hv
Processor Information for the first 8 processors :
  Max Mhz: 1382, Current Mhz: 1382, Mhz Limit: 1382

Memory: 4k page, system-wide physical 7918M (311M free)
TotalPageFile size 23918M (AvailPageFile size 87M)
current process WorkingSet (physical memory assigned to process): 270M, peak: 279M
current process commit charge ("private bytes"): 374M, peak: 543M

vm_info: OpenJDK 64-Bit Server VM (17.0.14+7-LTS) for windows-amd64 JRE (17.0.14+7-LTS), built on Jan  8 2025 23:39:28 by "MicrosoftCorporation" with unknown MS VC++:1939

END.
